
state 0
	$accept: .Input $end 

	IDENT  shift 9
	NUMBER  shift 12
	STRING  shift 14
	BOOL  shift 13
	NIL  shift 15
	CONST  shift 10
	'-'  shift 7
	'!'  shift 6
	'['  shift 17
	'{'  shift 8
	'('  shift 16
	.  error

	Input  goto 1
	Expr  goto 2
	Ident  goto 3
	Var  goto 4
	ArrIndex  goto 5
	Primary  goto 11
	Acc  goto 18

state 1
	$accept:  Input.$end 

	$end  accept
	.  error


state 2
	Input:  Expr.    (1)
	Expr:  Expr.'+' Expr 
	Expr:  Expr.'-' Expr 
	Expr:  Expr.'*' Expr 
	Expr:  Expr.'/' Expr 
	Expr:  Expr.'^' Expr 
	Expr:  Expr.'&' Expr 
	Expr:  Expr.'|' Expr 
	Expr:  Expr.EQ Expr 
	Expr:  Expr.'%' Expr 
	Expr:  Expr.';' Expr 
	Expr:  Expr.';' 
	Expr:  Expr.AND Expr 
	Expr:  Expr.OR Expr 
	Expr:  Expr.NOTEQ Expr 
	Expr:  Expr.GT Expr 
	Expr:  Expr.GTE Expr 
	Expr:  Expr.LT Expr 
	Expr:  Expr.LTE Expr 
	Expr:  Expr.ORR Expr 
	Expr:  Expr.AS Ident 
	Expr:  Expr.ADDADD 
	Expr:  Expr.SUBSUB 
	Expr:  Expr.VARIADIC 
	Expr:  Expr.'?' Expr ':' Expr 
	Expr:  Expr.NONIL 
	Expr:  Expr.'@' 
	Expr:  Expr.IN Expr 
	Var:  Expr.ACC Ident 
	Var:  Expr.ACC ArrIndex 
	Acc:  Expr.ACC Expr 
	Primary:  Expr.'[' SliceN ':' SliceN ']' 
	ArrIndex:  Expr.'[' Expr ']' 

	EQ  shift 26
	AND  shift 29
	OR  shift 30
	NOTEQ  shift 31
	GT  shift 32
	GTE  shift 33
	LT  shift 34
	LTE  shift 35
	ORR  shift 36
	ACC  shift 45
	IN  shift 44
	VARIADIC  shift 40
	AS  shift 37
	';'  shift 28
	'?'  shift 41
	ADDADD  shift 38
	SUBSUB  shift 39
	'+'  shift 19
	'-'  shift 20
	'*'  shift 21
	'/'  shift 22
	'%'  shift 27
	'&'  shift 24
	'|'  shift 25
	'^'  shift 23
	'@'  shift 43
	NONIL  shift 42
	'['  shift 46
	.  reduce 1 (src line 40)


state 3
	Expr:  Ident.'=' Expr 
	Expr:  Ident.ADDEQ Expr 
	Expr:  Ident.    (40)
	Primary:  Ident.'(' ArgListOpt ')' 

	ADDEQ  shift 48
	'='  shift 47
	'('  shift 49
	.  reduce 40 (src line 88)


state 4
	Expr:  Var.'=' Expr 
	Expr:  Var.ADDEQ Expr 

	ADDEQ  shift 51
	'='  shift 50
	.  error


state 5
	Expr:  ArrIndex.'=' Expr 
	Expr:  ArrIndex.ADDEQ Expr 
	Primary:  ArrIndex.    (56)

	ADDEQ  shift 53
	'='  shift 52
	.  reduce 56 (src line 119)


state 6
	Expr:  '!'.Expr 

	IDENT  shift 9
	NUMBER  shift 12
	STRING  shift 14
	BOOL  shift 13
	NIL  shift 15
	CONST  shift 10
	'-'  shift 7
	'!'  shift 6
	'['  shift 17
	'{'  shift 8
	'('  shift 16
	.  error

	Expr  goto 54
	Ident  goto 3
	Var  goto 4
	ArrIndex  goto 5
	Primary  goto 11
	Acc  goto 18

state 7
	Expr:  '-'.Expr 

	IDENT  shift 9
	NUMBER  shift 12
	STRING  shift 14
	BOOL  shift 13
	NIL  shift 15
	CONST  shift 10
	'-'  shift 7
	'!'  shift 6
	'['  shift 17
	'{'  shift 8
	'('  shift 16
	.  error

	Expr  goto 55
	Ident  goto 3
	Var  goto 4
	ArrIndex  goto 5
	Primary  goto 11
	Acc  goto 18

state 8
	Expr:  '{'.Ids '}' LAMB Expr 
	Primary:  '{'.KvsOpt '}' 
	KvsOpt: .    (62)

	IDENT  shift 9
	NUMBER  shift 12
	STRING  shift 14
	BOOL  shift 13
	NIL  shift 15
	CONST  shift 10
	'-'  shift 7
	'!'  shift 6
	'['  shift 17
	'{'  shift 8
	'('  shift 16
	.  reduce 62 (src line 135)

	Expr  goto 61
	Ident  goto 58
	Var  goto 4
	ArrIndex  goto 5
	Ids  goto 56
	Primary  goto 11
	Acc  goto 18
	KvsOpt  goto 57
	Kvs  goto 59
	Kv  goto 60

state 9
	Expr:  IDENT.LAMB Expr 
	Ident:  IDENT.    (47)

	LAMB  shift 62
	.  reduce 47 (src line 107)


state 10
	Expr:  CONST.Expr 

	IDENT  shift 9
	NUMBER  shift 12
	STRING  shift 14
	BOOL  shift 13
	NIL  shift 15
	CONST  shift 10
	'-'  shift 7
	'!'  shift 6
	'['  shift 17
	'{'  shift 8
	'('  shift 16
	.  error

	Expr  goto 63
	Ident  goto 3
	Var  goto 4
	ArrIndex  goto 5
	Primary  goto 11
	Acc  goto 18

state 11
	Expr:  Primary.    (41)

	.  reduce 41 (src line 89)


state 12
	Primary:  NUMBER.    (48)

	.  reduce 48 (src line 110)


state 13
	Primary:  BOOL.    (49)

	.  reduce 49 (src line 112)


state 14
	Primary:  STRING.    (50)

	.  reduce 50 (src line 113)


state 15
	Primary:  NIL.    (51)

	.  reduce 51 (src line 114)


state 16
	Primary:  '('.Expr ')' 

	IDENT  shift 9
	NUMBER  shift 12
	STRING  shift 14
	BOOL  shift 13
	NIL  shift 15
	CONST  shift 10
	'-'  shift 7
	'!'  shift 6
	'['  shift 17
	'{'  shift 8
	'('  shift 16
	.  error

	Expr  goto 64
	Ident  goto 3
	Var  goto 4
	ArrIndex  goto 5
	Primary  goto 11
	Acc  goto 18

state 17
	Primary:  '['.ArgListOpt ']' 
	ArgListOpt: .    (68)

	IDENT  shift 9
	NUMBER  shift 12
	STRING  shift 14
	BOOL  shift 13
	NIL  shift 15
	CONST  shift 10
	'-'  shift 7
	'!'  shift 6
	'['  shift 17
	'{'  shift 8
	'('  shift 16
	.  reduce 68 (src line 148)

	Expr  goto 67
	Ident  goto 3
	Var  goto 4
	ArrIndex  goto 5
	Primary  goto 11
	Acc  goto 18
	ArgListOpt  goto 65
	ArgList  goto 66

state 18
	Primary:  Acc.    (57)

	.  reduce 57 (src line 120)


state 19
	Expr:  Expr '+'.Expr 

	IDENT  shift 9
	NUMBER  shift 12
	STRING  shift 14
	BOOL  shift 13
	NIL  shift 15
	CONST  shift 10
	'-'  shift 7
	'!'  shift 6
	'['  shift 17
	'{'  shift 8
	'('  shift 16
	.  error

	Expr  goto 68
	Ident  goto 3
	Var  goto 4
	ArrIndex  goto 5
	Primary  goto 11
	Acc  goto 18

state 20
	Expr:  Expr '-'.Expr 

	IDENT  shift 9
	NUMBER  shift 12
	STRING  shift 14
	BOOL  shift 13
	NIL  shift 15
	CONST  shift 10
	'-'  shift 7
	'!'  shift 6
	'['  shift 17
	'{'  shift 8
	'('  shift 16
	.  error

	Expr  goto 69
	Ident  goto 3
	Var  goto 4
	ArrIndex  goto 5
	Primary  goto 11
	Acc  goto 18

state 21
	Expr:  Expr '*'.Expr 

	IDENT  shift 9
	NUMBER  shift 12
	STRING  shift 14
	BOOL  shift 13
	NIL  shift 15
	CONST  shift 10
	'-'  shift 7
	'!'  shift 6
	'['  shift 17
	'{'  shift 8
	'('  shift 16
	.  error

	Expr  goto 70
	Ident  goto 3
	Var  goto 4
	ArrIndex  goto 5
	Primary  goto 11
	Acc  goto 18

state 22
	Expr:  Expr '/'.Expr 

	IDENT  shift 9
	NUMBER  shift 12
	STRING  shift 14
	BOOL  shift 13
	NIL  shift 15
	CONST  shift 10
	'-'  shift 7
	'!'  shift 6
	'['  shift 17
	'{'  shift 8
	'('  shift 16
	.  error

	Expr  goto 71
	Ident  goto 3
	Var  goto 4
	ArrIndex  goto 5
	Primary  goto 11
	Acc  goto 18

state 23
	Expr:  Expr '^'.Expr 

	IDENT  shift 9
	NUMBER  shift 12
	STRING  shift 14
	BOOL  shift 13
	NIL  shift 15
	CONST  shift 10
	'-'  shift 7
	'!'  shift 6
	'['  shift 17
	'{'  shift 8
	'('  shift 16
	.  error

	Expr  goto 72
	Ident  goto 3
	Var  goto 4
	ArrIndex  goto 5
	Primary  goto 11
	Acc  goto 18

state 24
	Expr:  Expr '&'.Expr 

	IDENT  shift 9
	NUMBER  shift 12
	STRING  shift 14
	BOOL  shift 13
	NIL  shift 15
	CONST  shift 10
	'-'  shift 7
	'!'  shift 6
	'['  shift 17
	'{'  shift 8
	'('  shift 16
	.  error

	Expr  goto 73
	Ident  goto 3
	Var  goto 4
	ArrIndex  goto 5
	Primary  goto 11
	Acc  goto 18

state 25
	Expr:  Expr '|'.Expr 

	IDENT  shift 9
	NUMBER  shift 12
	STRING  shift 14
	BOOL  shift 13
	NIL  shift 15
	CONST  shift 10
	'-'  shift 7
	'!'  shift 6
	'['  shift 17
	'{'  shift 8
	'('  shift 16
	.  error

	Expr  goto 74
	Ident  goto 3
	Var  goto 4
	ArrIndex  goto 5
	Primary  goto 11
	Acc  goto 18

state 26
	Expr:  Expr EQ.Expr 

	IDENT  shift 9
	NUMBER  shift 12
	STRING  shift 14
	BOOL  shift 13
	NIL  shift 15
	CONST  shift 10
	'-'  shift 7
	'!'  shift 6
	'['  shift 17
	'{'  shift 8
	'('  shift 16
	.  error

	Expr  goto 75
	Ident  goto 3
	Var  goto 4
	ArrIndex  goto 5
	Primary  goto 11
	Acc  goto 18

state 27
	Expr:  Expr '%'.Expr 

	IDENT  shift 9
	NUMBER  shift 12
	STRING  shift 14
	BOOL  shift 13
	NIL  shift 15
	CONST  shift 10
	'-'  shift 7
	'!'  shift 6
	'['  shift 17
	'{'  shift 8
	'('  shift 16
	.  error

	Expr  goto 76
	Ident  goto 3
	Var  goto 4
	ArrIndex  goto 5
	Primary  goto 11
	Acc  goto 18

state 28
	Expr:  Expr ';'.Expr 
	Expr:  Expr ';'.    (12)

	IDENT  shift 9
	NUMBER  shift 12
	STRING  shift 14
	BOOL  shift 13
	NIL  shift 15
	CONST  shift 10
	'-'  shift 7
	'!'  shift 6
	'['  shift 17
	'{'  shift 8
	'('  shift 16
	.  reduce 12 (src line 55)

	Expr  goto 77
	Ident  goto 3
	Var  goto 4
	ArrIndex  goto 5
	Primary  goto 11
	Acc  goto 18

state 29
	Expr:  Expr AND.Expr 

	IDENT  shift 9
	NUMBER  shift 12
	STRING  shift 14
	BOOL  shift 13
	NIL  shift 15
	CONST  shift 10
	'-'  shift 7
	'!'  shift 6
	'['  shift 17
	'{'  shift 8
	'('  shift 16
	.  error

	Expr  goto 78
	Ident  goto 3
	Var  goto 4
	ArrIndex  goto 5
	Primary  goto 11
	Acc  goto 18

state 30
	Expr:  Expr OR.Expr 

	IDENT  shift 9
	NUMBER  shift 12
	STRING  shift 14
	BOOL  shift 13
	NIL  shift 15
	CONST  shift 10
	'-'  shift 7
	'!'  shift 6
	'['  shift 17
	'{'  shift 8
	'('  shift 16
	.  error

	Expr  goto 79
	Ident  goto 3
	Var  goto 4
	ArrIndex  goto 5
	Primary  goto 11
	Acc  goto 18

state 31
	Expr:  Expr NOTEQ.Expr 

	IDENT  shift 9
	NUMBER  shift 12
	STRING  shift 14
	BOOL  shift 13
	NIL  shift 15
	CONST  shift 10
	'-'  shift 7
	'!'  shift 6
	'['  shift 17
	'{'  shift 8
	'('  shift 16
	.  error

	Expr  goto 80
	Ident  goto 3
	Var  goto 4
	ArrIndex  goto 5
	Primary  goto 11
	Acc  goto 18

state 32
	Expr:  Expr GT.Expr 

	IDENT  shift 9
	NUMBER  shift 12
	STRING  shift 14
	BOOL  shift 13
	NIL  shift 15
	CONST  shift 10
	'-'  shift 7
	'!'  shift 6
	'['  shift 17
	'{'  shift 8
	'('  shift 16
	.  error

	Expr  goto 81
	Ident  goto 3
	Var  goto 4
	ArrIndex  goto 5
	Primary  goto 11
	Acc  goto 18

state 33
	Expr:  Expr GTE.Expr 

	IDENT  shift 9
	NUMBER  shift 12
	STRING  shift 14
	BOOL  shift 13
	NIL  shift 15
	CONST  shift 10
	'-'  shift 7
	'!'  shift 6
	'['  shift 17
	'{'  shift 8
	'('  shift 16
	.  error

	Expr  goto 82
	Ident  goto 3
	Var  goto 4
	ArrIndex  goto 5
	Primary  goto 11
	Acc  goto 18

state 34
	Expr:  Expr LT.Expr 

	IDENT  shift 9
	NUMBER  shift 12
	STRING  shift 14
	BOOL  shift 13
	NIL  shift 15
	CONST  shift 10
	'-'  shift 7
	'!'  shift 6
	'['  shift 17
	'{'  shift 8
	'('  shift 16
	.  error

	Expr  goto 83
	Ident  goto 3
	Var  goto 4
	ArrIndex  goto 5
	Primary  goto 11
	Acc  goto 18

state 35
	Expr:  Expr LTE.Expr 

	IDENT  shift 9
	NUMBER  shift 12
	STRING  shift 14
	BOOL  shift 13
	NIL  shift 15
	CONST  shift 10
	'-'  shift 7
	'!'  shift 6
	'['  shift 17
	'{'  shift 8
	'('  shift 16
	.  error

	Expr  goto 84
	Ident  goto 3
	Var  goto 4
	ArrIndex  goto 5
	Primary  goto 11
	Acc  goto 18

state 36
	Expr:  Expr ORR.Expr 

	IDENT  shift 9
	NUMBER  shift 12
	STRING  shift 14
	BOOL  shift 13
	NIL  shift 15
	CONST  shift 10
	'-'  shift 7
	'!'  shift 6
	'['  shift 17
	'{'  shift 8
	'('  shift 16
	.  error

	Expr  goto 85
	Ident  goto 3
	Var  goto 4
	ArrIndex  goto 5
	Primary  goto 11
	Acc  goto 18

state 37
	Expr:  Expr AS.Ident 

	IDENT  shift 87
	.  error

	Ident  goto 86

state 38
	Expr:  Expr ADDADD.    (29)

	.  reduce 29 (src line 73)


state 39
	Expr:  Expr SUBSUB.    (30)

	.  reduce 30 (src line 74)


state 40
	Expr:  Expr VARIADIC.    (31)

	.  reduce 31 (src line 75)


state 41
	Expr:  Expr '?'.Expr ':' Expr 

	IDENT  shift 9
	NUMBER  shift 12
	STRING  shift 14
	BOOL  shift 13
	NIL  shift 15
	CONST  shift 10
	'-'  shift 7
	'!'  shift 6
	'['  shift 17
	'{'  shift 8
	'('  shift 16
	.  error

	Expr  goto 88
	Ident  goto 3
	Var  goto 4
	ArrIndex  goto 5
	Primary  goto 11
	Acc  goto 18

state 42
	Expr:  Expr NONIL.    (34)

	.  reduce 34 (src line 78)


state 43
	Expr:  Expr '@'.    (35)

	.  reduce 35 (src line 79)


state 44
	Expr:  Expr IN.Expr 

	IDENT  shift 9
	NUMBER  shift 12
	STRING  shift 14
	BOOL  shift 13
	NIL  shift 15
	CONST  shift 10
	'-'  shift 7
	'!'  shift 6
	'['  shift 17
	'{'  shift 8
	'('  shift 16
	.  error

	Expr  goto 89
	Ident  goto 3
	Var  goto 4
	ArrIndex  goto 5
	Primary  goto 11
	Acc  goto 18

state 45
	Var:  Expr ACC.Ident 
	Var:  Expr ACC.ArrIndex 
	Acc:  Expr ACC.Expr 

	IDENT  shift 9
	NUMBER  shift 12
	STRING  shift 14
	BOOL  shift 13
	NIL  shift 15
	CONST  shift 10
	'-'  shift 7
	'!'  shift 6
	'['  shift 17
	'{'  shift 8
	'('  shift 16
	.  error

	Expr  goto 92
	Ident  goto 90
	Var  goto 4
	ArrIndex  goto 91
	Primary  goto 11
	Acc  goto 18

state 46
	Primary:  Expr '['.SliceN ':' SliceN ']' 
	ArrIndex:  Expr '['.Expr ']' 
	SliceN: .    (59)

	IDENT  shift 9
	NUMBER  shift 12
	STRING  shift 14
	BOOL  shift 13
	NIL  shift 15
	CONST  shift 10
	'-'  shift 7
	'!'  shift 6
	'['  shift 17
	'{'  shift 8
	'('  shift 16
	.  reduce 59 (src line 128)

	Expr  goto 94
	Ident  goto 3
	Var  goto 4
	ArrIndex  goto 5
	Primary  goto 11
	Acc  goto 18
	SliceN  goto 93

state 47
	Expr:  Ident '='.Expr 

	IDENT  shift 9
	NUMBER  shift 12
	STRING  shift 14
	BOOL  shift 13
	NIL  shift 15
	CONST  shift 10
	'-'  shift 7
	'!'  shift 6
	'['  shift 17
	'{'  shift 8
	'('  shift 16
	.  error

	Expr  goto 95
	Ident  goto 3
	Var  goto 4
	ArrIndex  goto 5
	Primary  goto 11
	Acc  goto 18

state 48
	Expr:  Ident ADDEQ.Expr 

	IDENT  shift 9
	NUMBER  shift 12
	STRING  shift 14
	BOOL  shift 13
	NIL  shift 15
	CONST  shift 10
	'-'  shift 7
	'!'  shift 6
	'['  shift 17
	'{'  shift 8
	'('  shift 16
	.  error

	Expr  goto 96
	Ident  goto 3
	Var  goto 4
	ArrIndex  goto 5
	Primary  goto 11
	Acc  goto 18

state 49
	Primary:  Ident '('.ArgListOpt ')' 
	ArgListOpt: .    (68)

	IDENT  shift 9
	NUMBER  shift 12
	STRING  shift 14
	BOOL  shift 13
	NIL  shift 15
	CONST  shift 10
	'-'  shift 7
	'!'  shift 6
	'['  shift 17
	'{'  shift 8
	'('  shift 16
	.  reduce 68 (src line 148)

	Expr  goto 67
	Ident  goto 3
	Var  goto 4
	ArrIndex  goto 5
	Primary  goto 11
	Acc  goto 18
	ArgListOpt  goto 97
	ArgList  goto 66

state 50
	Expr:  Var '='.Expr 

	IDENT  shift 9
	NUMBER  shift 12
	STRING  shift 14
	BOOL  shift 13
	NIL  shift 15
	CONST  shift 10
	'-'  shift 7
	'!'  shift 6
	'['  shift 17
	'{'  shift 8
	'('  shift 16
	.  error

	Expr  goto 98
	Ident  goto 3
	Var  goto 4
	ArrIndex  goto 5
	Primary  goto 11
	Acc  goto 18

state 51
	Expr:  Var ADDEQ.Expr 

	IDENT  shift 9
	NUMBER  shift 12
	STRING  shift 14
	BOOL  shift 13
	NIL  shift 15
	CONST  shift 10
	'-'  shift 7
	'!'  shift 6
	'['  shift 17
	'{'  shift 8
	'('  shift 16
	.  error

	Expr  goto 99
	Ident  goto 3
	Var  goto 4
	ArrIndex  goto 5
	Primary  goto 11
	Acc  goto 18

state 52
	Expr:  ArrIndex '='.Expr 

	IDENT  shift 9
	NUMBER  shift 12
	STRING  shift 14
	BOOL  shift 13
	NIL  shift 15
	CONST  shift 10
	'-'  shift 7
	'!'  shift 6
	'['  shift 17
	'{'  shift 8
	'('  shift 16
	.  error

	Expr  goto 100
	Ident  goto 3
	Var  goto 4
	ArrIndex  goto 5
	Primary  goto 11
	Acc  goto 18

state 53
	Expr:  ArrIndex ADDEQ.Expr 

	IDENT  shift 9
	NUMBER  shift 12
	STRING  shift 14
	BOOL  shift 13
	NIL  shift 15
	CONST  shift 10
	'-'  shift 7
	'!'  shift 6
	'['  shift 17
	'{'  shift 8
	'('  shift 16
	.  error

	Expr  goto 101
	Ident  goto 3
	Var  goto 4
	ArrIndex  goto 5
	Primary  goto 11
	Acc  goto 18

state 54
	Expr:  Expr.'+' Expr 
	Expr:  Expr.'-' Expr 
	Expr:  Expr.'*' Expr 
	Expr:  Expr.'/' Expr 
	Expr:  Expr.'^' Expr 
	Expr:  Expr.'&' Expr 
	Expr:  Expr.'|' Expr 
	Expr:  Expr.EQ Expr 
	Expr:  Expr.'%' Expr 
	Expr:  Expr.';' Expr 
	Expr:  Expr.';' 
	Expr:  Expr.AND Expr 
	Expr:  Expr.OR Expr 
	Expr:  Expr.NOTEQ Expr 
	Expr:  Expr.GT Expr 
	Expr:  Expr.GTE Expr 
	Expr:  Expr.LT Expr 
	Expr:  Expr.LTE Expr 
	Expr:  Expr.ORR Expr 
	Expr:  Expr.AS Ident 
	Expr:  '!' Expr.    (28)
	Expr:  Expr.ADDADD 
	Expr:  Expr.SUBSUB 
	Expr:  Expr.VARIADIC 
	Expr:  Expr.'?' Expr ':' Expr 
	Expr:  Expr.NONIL 
	Expr:  Expr.'@' 
	Expr:  Expr.IN Expr 
	Var:  Expr.ACC Ident 
	Var:  Expr.ACC ArrIndex 
	Acc:  Expr.ACC Expr 
	Primary:  Expr.'[' SliceN ':' SliceN ']' 
	ArrIndex:  Expr.'[' Expr ']' 

	ACC  shift 45
	VARIADIC  shift 40
	'^'  shift 23
	'@'  shift 43
	NONIL  shift 42
	'['  shift 46
	.  reduce 28 (src line 72)


state 55
	Expr:  Expr.'+' Expr 
	Expr:  Expr.'-' Expr 
	Expr:  Expr.'*' Expr 
	Expr:  Expr.'/' Expr 
	Expr:  Expr.'^' Expr 
	Expr:  Expr.'&' Expr 
	Expr:  Expr.'|' Expr 
	Expr:  Expr.EQ Expr 
	Expr:  Expr.'%' Expr 
	Expr:  Expr.';' Expr 
	Expr:  Expr.';' 
	Expr:  Expr.AND Expr 
	Expr:  Expr.OR Expr 
	Expr:  Expr.NOTEQ Expr 
	Expr:  Expr.GT Expr 
	Expr:  Expr.GTE Expr 
	Expr:  Expr.LT Expr 
	Expr:  Expr.LTE Expr 
	Expr:  Expr.ORR Expr 
	Expr:  Expr.AS Ident 
	Expr:  Expr.ADDADD 
	Expr:  Expr.SUBSUB 
	Expr:  Expr.VARIADIC 
	Expr:  '-' Expr.    (32)
	Expr:  Expr.'?' Expr ':' Expr 
	Expr:  Expr.NONIL 
	Expr:  Expr.'@' 
	Expr:  Expr.IN Expr 
	Var:  Expr.ACC Ident 
	Var:  Expr.ACC ArrIndex 
	Acc:  Expr.ACC Expr 
	Primary:  Expr.'[' SliceN ':' SliceN ']' 
	ArrIndex:  Expr.'[' Expr ']' 

	.  reduce 32 (src line 76)


state 56
	Expr:  '{' Ids.'}' LAMB Expr 
	Ids:  Ids.',' Ident 

	'}'  shift 102
	','  shift 103
	.  error


state 57
	Primary:  '{' KvsOpt.'}' 

	'}'  shift 104
	.  error


state 58
	Expr:  Ident.'=' Expr 
	Expr:  Ident.ADDEQ Expr 
	Expr:  Ident.    (40)
	Ids:  Ident.    (42)
	Primary:  Ident.'(' ArgListOpt ')' 

	ADDEQ  shift 48
	'='  shift 47
	'}'  reduce 42 (src line 96)
	','  reduce 42 (src line 96)
	'('  shift 49
	.  reduce 40 (src line 88)


state 59
	KvsOpt:  Kvs.    (63)
	Kvs:  Kvs.',' Kv 
	Kvs:  Kvs.',' 

	','  shift 105
	.  reduce 63 (src line 137)


state 60
	Kvs:  Kv.    (64)

	.  reduce 64 (src line 139)


state 61
	Expr:  Expr.'+' Expr 
	Expr:  Expr.'-' Expr 
	Expr:  Expr.'*' Expr 
	Expr:  Expr.'/' Expr 
	Expr:  Expr.'^' Expr 
	Expr:  Expr.'&' Expr 
	Expr:  Expr.'|' Expr 
	Expr:  Expr.EQ Expr 
	Expr:  Expr.'%' Expr 
	Expr:  Expr.';' Expr 
	Expr:  Expr.';' 
	Expr:  Expr.AND Expr 
	Expr:  Expr.OR Expr 
	Expr:  Expr.NOTEQ Expr 
	Expr:  Expr.GT Expr 
	Expr:  Expr.GTE Expr 
	Expr:  Expr.LT Expr 
	Expr:  Expr.LTE Expr 
	Expr:  Expr.ORR Expr 
	Expr:  Expr.AS Ident 
	Expr:  Expr.ADDADD 
	Expr:  Expr.SUBSUB 
	Expr:  Expr.VARIADIC 
	Expr:  Expr.'?' Expr ':' Expr 
	Expr:  Expr.NONIL 
	Expr:  Expr.'@' 
	Expr:  Expr.IN Expr 
	Var:  Expr.ACC Ident 
	Var:  Expr.ACC ArrIndex 
	Acc:  Expr.ACC Expr 
	Primary:  Expr.'[' SliceN ':' SliceN ']' 
	ArrIndex:  Expr.'[' Expr ']' 
	Kv:  Expr.':' Expr 

	EQ  shift 26
	AND  shift 29
	OR  shift 30
	NOTEQ  shift 31
	GT  shift 32
	GTE  shift 33
	LT  shift 34
	LTE  shift 35
	ORR  shift 36
	ACC  shift 45
	IN  shift 44
	VARIADIC  shift 40
	AS  shift 37
	';'  shift 28
	'?'  shift 41
	':'  shift 106
	ADDADD  shift 38
	SUBSUB  shift 39
	'+'  shift 19
	'-'  shift 20
	'*'  shift 21
	'/'  shift 22
	'%'  shift 27
	'&'  shift 24
	'|'  shift 25
	'^'  shift 23
	'@'  shift 43
	NONIL  shift 42
	'['  shift 46
	.  error


state 62
	Expr:  IDENT LAMB.Expr 

	IDENT  shift 9
	NUMBER  shift 12
	STRING  shift 14
	BOOL  shift 13
	NIL  shift 15
	CONST  shift 10
	'-'  shift 7
	'!'  shift 6
	'['  shift 17
	'{'  shift 8
	'('  shift 16
	.  error

	Expr  goto 107
	Ident  goto 3
	Var  goto 4
	ArrIndex  goto 5
	Primary  goto 11
	Acc  goto 18

state 63
	Expr:  Expr.'+' Expr 
	Expr:  Expr.'-' Expr 
	Expr:  Expr.'*' Expr 
	Expr:  Expr.'/' Expr 
	Expr:  Expr.'^' Expr 
	Expr:  Expr.'&' Expr 
	Expr:  Expr.'|' Expr 
	Expr:  Expr.EQ Expr 
	Expr:  Expr.'%' Expr 
	Expr:  Expr.';' Expr 
	Expr:  Expr.';' 
	Expr:  Expr.AND Expr 
	Expr:  Expr.OR Expr 
	Expr:  Expr.NOTEQ Expr 
	Expr:  Expr.GT Expr 
	Expr:  Expr.GTE Expr 
	Expr:  Expr.LT Expr 
	Expr:  Expr.LTE Expr 
	Expr:  Expr.ORR Expr 
	Expr:  Expr.AS Ident 
	Expr:  Expr.ADDADD 
	Expr:  Expr.SUBSUB 
	Expr:  Expr.VARIADIC 
	Expr:  Expr.'?' Expr ':' Expr 
	Expr:  Expr.NONIL 
	Expr:  Expr.'@' 
	Expr:  CONST Expr.    (38)
	Expr:  Expr.IN Expr 
	Var:  Expr.ACC Ident 
	Var:  Expr.ACC ArrIndex 
	Acc:  Expr.ACC Expr 
	Primary:  Expr.'[' SliceN ':' SliceN ']' 
	ArrIndex:  Expr.'[' Expr ']' 

	.  reduce 38 (src line 86)


state 64
	Expr:  Expr.'+' Expr 
	Expr:  Expr.'-' Expr 
	Expr:  Expr.'*' Expr 
	Expr:  Expr.'/' Expr 
	Expr:  Expr.'^' Expr 
	Expr:  Expr.'&' Expr 
	Expr:  Expr.'|' Expr 
	Expr:  Expr.EQ Expr 
	Expr:  Expr.'%' Expr 
	Expr:  Expr.';' Expr 
	Expr:  Expr.';' 
	Expr:  Expr.AND Expr 
	Expr:  Expr.OR Expr 
	Expr:  Expr.NOTEQ Expr 
	Expr:  Expr.GT Expr 
	Expr:  Expr.GTE Expr 
	Expr:  Expr.LT Expr 
	Expr:  Expr.LTE Expr 
	Expr:  Expr.ORR Expr 
	Expr:  Expr.AS Ident 
	Expr:  Expr.ADDADD 
	Expr:  Expr.SUBSUB 
	Expr:  Expr.VARIADIC 
	Expr:  Expr.'?' Expr ':' Expr 
	Expr:  Expr.NONIL 
	Expr:  Expr.'@' 
	Expr:  Expr.IN Expr 
	Var:  Expr.ACC Ident 
	Var:  Expr.ACC ArrIndex 
	Acc:  Expr.ACC Expr 
	Primary:  '(' Expr.')' 
	Primary:  Expr.'[' SliceN ':' SliceN ']' 
	ArrIndex:  Expr.'[' Expr ']' 

	EQ  shift 26
	AND  shift 29
	OR  shift 30
	NOTEQ  shift 31
	GT  shift 32
	GTE  shift 33
	LT  shift 34
	LTE  shift 35
	ORR  shift 36
	ACC  shift 45
	IN  shift 44
	VARIADIC  shift 40
	AS  shift 37
	';'  shift 28
	'?'  shift 41
	ADDADD  shift 38
	SUBSUB  shift 39
	'+'  shift 19
	'-'  shift 20
	'*'  shift 21
	'/'  shift 22
	'%'  shift 27
	'&'  shift 24
	'|'  shift 25
	'^'  shift 23
	'@'  shift 43
	NONIL  shift 42
	'['  shift 46
	')'  shift 108
	.  error


state 65
	Primary:  '[' ArgListOpt.']' 

	']'  shift 109
	.  error


state 66
	ArgListOpt:  ArgList.    (69)
	ArgList:  ArgList.',' Expr 
	ArgList:  ArgList.',' 

	','  shift 110
	.  reduce 69 (src line 150)


state 67
	Expr:  Expr.'+' Expr 
	Expr:  Expr.'-' Expr 
	Expr:  Expr.'*' Expr 
	Expr:  Expr.'/' Expr 
	Expr:  Expr.'^' Expr 
	Expr:  Expr.'&' Expr 
	Expr:  Expr.'|' Expr 
	Expr:  Expr.EQ Expr 
	Expr:  Expr.'%' Expr 
	Expr:  Expr.';' Expr 
	Expr:  Expr.';' 
	Expr:  Expr.AND Expr 
	Expr:  Expr.OR Expr 
	Expr:  Expr.NOTEQ Expr 
	Expr:  Expr.GT Expr 
	Expr:  Expr.GTE Expr 
	Expr:  Expr.LT Expr 
	Expr:  Expr.LTE Expr 
	Expr:  Expr.ORR Expr 
	Expr:  Expr.AS Ident 
	Expr:  Expr.ADDADD 
	Expr:  Expr.SUBSUB 
	Expr:  Expr.VARIADIC 
	Expr:  Expr.'?' Expr ':' Expr 
	Expr:  Expr.NONIL 
	Expr:  Expr.'@' 
	Expr:  Expr.IN Expr 
	Var:  Expr.ACC Ident 
	Var:  Expr.ACC ArrIndex 
	Acc:  Expr.ACC Expr 
	Primary:  Expr.'[' SliceN ':' SliceN ']' 
	ArrIndex:  Expr.'[' Expr ']' 
	ArgList:  Expr.    (70)

	EQ  shift 26
	AND  shift 29
	OR  shift 30
	NOTEQ  shift 31
	GT  shift 32
	GTE  shift 33
	LT  shift 34
	LTE  shift 35
	ORR  shift 36
	ACC  shift 45
	IN  shift 44
	VARIADIC  shift 40
	AS  shift 37
	';'  shift 28
	'?'  shift 41
	ADDADD  shift 38
	SUBSUB  shift 39
	'+'  shift 19
	'-'  shift 20
	'*'  shift 21
	'/'  shift 22
	'%'  shift 27
	'&'  shift 24
	'|'  shift 25
	'^'  shift 23
	'@'  shift 43
	NONIL  shift 42
	'['  shift 46
	.  reduce 70 (src line 153)


state 68
	Expr:  Expr.'+' Expr 
	Expr:  Expr '+' Expr.    (2)
	Expr:  Expr.'-' Expr 
	Expr:  Expr.'*' Expr 
	Expr:  Expr.'/' Expr 
	Expr:  Expr.'^' Expr 
	Expr:  Expr.'&' Expr 
	Expr:  Expr.'|' Expr 
	Expr:  Expr.EQ Expr 
	Expr:  Expr.'%' Expr 
	Expr:  Expr.';' Expr 
	Expr:  Expr.';' 
	Expr:  Expr.AND Expr 
	Expr:  Expr.OR Expr 
	Expr:  Expr.NOTEQ Expr 
	Expr:  Expr.GT Expr 
	Expr:  Expr.GTE Expr 
	Expr:  Expr.LT Expr 
	Expr:  Expr.LTE Expr 
	Expr:  Expr.ORR Expr 
	Expr:  Expr.AS Ident 
	Expr:  Expr.ADDADD 
	Expr:  Expr.SUBSUB 
	Expr:  Expr.VARIADIC 
	Expr:  Expr.'?' Expr ':' Expr 
	Expr:  Expr.NONIL 
	Expr:  Expr.'@' 
	Expr:  Expr.IN Expr 
	Var:  Expr.ACC Ident 
	Var:  Expr.ACC ArrIndex 
	Acc:  Expr.ACC Expr 
	Primary:  Expr.'[' SliceN ':' SliceN ']' 
	ArrIndex:  Expr.'[' Expr ']' 

	ACC  shift 45
	VARIADIC  shift 40
	'*'  shift 21
	'/'  shift 22
	'%'  shift 27
	'&'  shift 24
	'|'  shift 25
	'^'  shift 23
	'@'  shift 43
	NONIL  shift 42
	'['  shift 46
	.  reduce 2 (src line 44)


state 69
	Expr:  Expr.'+' Expr 
	Expr:  Expr.'-' Expr 
	Expr:  Expr '-' Expr.    (3)
	Expr:  Expr.'*' Expr 
	Expr:  Expr.'/' Expr 
	Expr:  Expr.'^' Expr 
	Expr:  Expr.'&' Expr 
	Expr:  Expr.'|' Expr 
	Expr:  Expr.EQ Expr 
	Expr:  Expr.'%' Expr 
	Expr:  Expr.';' Expr 
	Expr:  Expr.';' 
	Expr:  Expr.AND Expr 
	Expr:  Expr.OR Expr 
	Expr:  Expr.NOTEQ Expr 
	Expr:  Expr.GT Expr 
	Expr:  Expr.GTE Expr 
	Expr:  Expr.LT Expr 
	Expr:  Expr.LTE Expr 
	Expr:  Expr.ORR Expr 
	Expr:  Expr.AS Ident 
	Expr:  Expr.ADDADD 
	Expr:  Expr.SUBSUB 
	Expr:  Expr.VARIADIC 
	Expr:  Expr.'?' Expr ':' Expr 
	Expr:  Expr.NONIL 
	Expr:  Expr.'@' 
	Expr:  Expr.IN Expr 
	Var:  Expr.ACC Ident 
	Var:  Expr.ACC ArrIndex 
	Acc:  Expr.ACC Expr 
	Primary:  Expr.'[' SliceN ':' SliceN ']' 
	ArrIndex:  Expr.'[' Expr ']' 

	ACC  shift 45
	VARIADIC  shift 40
	'*'  shift 21
	'/'  shift 22
	'%'  shift 27
	'&'  shift 24
	'|'  shift 25
	'^'  shift 23
	'@'  shift 43
	NONIL  shift 42
	'['  shift 46
	.  reduce 3 (src line 46)


state 70
	Expr:  Expr.'+' Expr 
	Expr:  Expr.'-' Expr 
	Expr:  Expr.'*' Expr 
	Expr:  Expr '*' Expr.    (4)
	Expr:  Expr.'/' Expr 
	Expr:  Expr.'^' Expr 
	Expr:  Expr.'&' Expr 
	Expr:  Expr.'|' Expr 
	Expr:  Expr.EQ Expr 
	Expr:  Expr.'%' Expr 
	Expr:  Expr.';' Expr 
	Expr:  Expr.';' 
	Expr:  Expr.AND Expr 
	Expr:  Expr.OR Expr 
	Expr:  Expr.NOTEQ Expr 
	Expr:  Expr.GT Expr 
	Expr:  Expr.GTE Expr 
	Expr:  Expr.LT Expr 
	Expr:  Expr.LTE Expr 
	Expr:  Expr.ORR Expr 
	Expr:  Expr.AS Ident 
	Expr:  Expr.ADDADD 
	Expr:  Expr.SUBSUB 
	Expr:  Expr.VARIADIC 
	Expr:  Expr.'?' Expr ':' Expr 
	Expr:  Expr.NONIL 
	Expr:  Expr.'@' 
	Expr:  Expr.IN Expr 
	Var:  Expr.ACC Ident 
	Var:  Expr.ACC ArrIndex 
	Acc:  Expr.ACC Expr 
	Primary:  Expr.'[' SliceN ':' SliceN ']' 
	ArrIndex:  Expr.'[' Expr ']' 

	ACC  shift 45
	VARIADIC  shift 40
	'%'  shift 27
	'&'  shift 24
	'|'  shift 25
	'^'  shift 23
	'@'  shift 43
	NONIL  shift 42
	'['  shift 46
	.  reduce 4 (src line 47)


state 71
	Expr:  Expr.'+' Expr 
	Expr:  Expr.'-' Expr 
	Expr:  Expr.'*' Expr 
	Expr:  Expr.'/' Expr 
	Expr:  Expr '/' Expr.    (5)
	Expr:  Expr.'^' Expr 
	Expr:  Expr.'&' Expr 
	Expr:  Expr.'|' Expr 
	Expr:  Expr.EQ Expr 
	Expr:  Expr.'%' Expr 
	Expr:  Expr.';' Expr 
	Expr:  Expr.';' 
	Expr:  Expr.AND Expr 
	Expr:  Expr.OR Expr 
	Expr:  Expr.NOTEQ Expr 
	Expr:  Expr.GT Expr 
	Expr:  Expr.GTE Expr 
	Expr:  Expr.LT Expr 
	Expr:  Expr.LTE Expr 
	Expr:  Expr.ORR Expr 
	Expr:  Expr.AS Ident 
	Expr:  Expr.ADDADD 
	Expr:  Expr.SUBSUB 
	Expr:  Expr.VARIADIC 
	Expr:  Expr.'?' Expr ':' Expr 
	Expr:  Expr.NONIL 
	Expr:  Expr.'@' 
	Expr:  Expr.IN Expr 
	Var:  Expr.ACC Ident 
	Var:  Expr.ACC ArrIndex 
	Acc:  Expr.ACC Expr 
	Primary:  Expr.'[' SliceN ':' SliceN ']' 
	ArrIndex:  Expr.'[' Expr ']' 

	ACC  shift 45
	VARIADIC  shift 40
	'%'  shift 27
	'&'  shift 24
	'|'  shift 25
	'^'  shift 23
	'@'  shift 43
	NONIL  shift 42
	'['  shift 46
	.  reduce 5 (src line 48)


state 72
	Expr:  Expr.'+' Expr 
	Expr:  Expr.'-' Expr 
	Expr:  Expr.'*' Expr 
	Expr:  Expr.'/' Expr 
	Expr:  Expr.'^' Expr 
	Expr:  Expr '^' Expr.    (6)
	Expr:  Expr.'&' Expr 
	Expr:  Expr.'|' Expr 
	Expr:  Expr.EQ Expr 
	Expr:  Expr.'%' Expr 
	Expr:  Expr.';' Expr 
	Expr:  Expr.';' 
	Expr:  Expr.AND Expr 
	Expr:  Expr.OR Expr 
	Expr:  Expr.NOTEQ Expr 
	Expr:  Expr.GT Expr 
	Expr:  Expr.GTE Expr 
	Expr:  Expr.LT Expr 
	Expr:  Expr.LTE Expr 
	Expr:  Expr.ORR Expr 
	Expr:  Expr.AS Ident 
	Expr:  Expr.ADDADD 
	Expr:  Expr.SUBSUB 
	Expr:  Expr.VARIADIC 
	Expr:  Expr.'?' Expr ':' Expr 
	Expr:  Expr.NONIL 
	Expr:  Expr.'@' 
	Expr:  Expr.IN Expr 
	Var:  Expr.ACC Ident 
	Var:  Expr.ACC ArrIndex 
	Acc:  Expr.ACC Expr 
	Primary:  Expr.'[' SliceN ':' SliceN ']' 
	ArrIndex:  Expr.'[' Expr ']' 

	ACC  shift 45
	VARIADIC  shift 40
	'^'  shift 23
	'@'  shift 43
	NONIL  shift 42
	'['  shift 46
	.  reduce 6 (src line 49)


state 73
	Expr:  Expr.'+' Expr 
	Expr:  Expr.'-' Expr 
	Expr:  Expr.'*' Expr 
	Expr:  Expr.'/' Expr 
	Expr:  Expr.'^' Expr 
	Expr:  Expr.'&' Expr 
	Expr:  Expr '&' Expr.    (7)
	Expr:  Expr.'|' Expr 
	Expr:  Expr.EQ Expr 
	Expr:  Expr.'%' Expr 
	Expr:  Expr.';' Expr 
	Expr:  Expr.';' 
	Expr:  Expr.AND Expr 
	Expr:  Expr.OR Expr 
	Expr:  Expr.NOTEQ Expr 
	Expr:  Expr.GT Expr 
	Expr:  Expr.GTE Expr 
	Expr:  Expr.LT Expr 
	Expr:  Expr.LTE Expr 
	Expr:  Expr.ORR Expr 
	Expr:  Expr.AS Ident 
	Expr:  Expr.ADDADD 
	Expr:  Expr.SUBSUB 
	Expr:  Expr.VARIADIC 
	Expr:  Expr.'?' Expr ':' Expr 
	Expr:  Expr.NONIL 
	Expr:  Expr.'@' 
	Expr:  Expr.IN Expr 
	Var:  Expr.ACC Ident 
	Var:  Expr.ACC ArrIndex 
	Acc:  Expr.ACC Expr 
	Primary:  Expr.'[' SliceN ':' SliceN ']' 
	ArrIndex:  Expr.'[' Expr ']' 

	ACC  shift 45
	VARIADIC  shift 40
	'^'  shift 23
	'@'  shift 43
	NONIL  shift 42
	'['  shift 46
	.  reduce 7 (src line 50)


state 74
	Expr:  Expr.'+' Expr 
	Expr:  Expr.'-' Expr 
	Expr:  Expr.'*' Expr 
	Expr:  Expr.'/' Expr 
	Expr:  Expr.'^' Expr 
	Expr:  Expr.'&' Expr 
	Expr:  Expr.'|' Expr 
	Expr:  Expr '|' Expr.    (8)
	Expr:  Expr.EQ Expr 
	Expr:  Expr.'%' Expr 
	Expr:  Expr.';' Expr 
	Expr:  Expr.';' 
	Expr:  Expr.AND Expr 
	Expr:  Expr.OR Expr 
	Expr:  Expr.NOTEQ Expr 
	Expr:  Expr.GT Expr 
	Expr:  Expr.GTE Expr 
	Expr:  Expr.LT Expr 
	Expr:  Expr.LTE Expr 
	Expr:  Expr.ORR Expr 
	Expr:  Expr.AS Ident 
	Expr:  Expr.ADDADD 
	Expr:  Expr.SUBSUB 
	Expr:  Expr.VARIADIC 
	Expr:  Expr.'?' Expr ':' Expr 
	Expr:  Expr.NONIL 
	Expr:  Expr.'@' 
	Expr:  Expr.IN Expr 
	Var:  Expr.ACC Ident 
	Var:  Expr.ACC ArrIndex 
	Acc:  Expr.ACC Expr 
	Primary:  Expr.'[' SliceN ':' SliceN ']' 
	ArrIndex:  Expr.'[' Expr ']' 

	ACC  shift 45
	VARIADIC  shift 40
	'^'  shift 23
	'@'  shift 43
	NONIL  shift 42
	'['  shift 46
	.  reduce 8 (src line 51)


state 75
	Expr:  Expr.'+' Expr 
	Expr:  Expr.'-' Expr 
	Expr:  Expr.'*' Expr 
	Expr:  Expr.'/' Expr 
	Expr:  Expr.'^' Expr 
	Expr:  Expr.'&' Expr 
	Expr:  Expr.'|' Expr 
	Expr:  Expr.EQ Expr 
	Expr:  Expr EQ Expr.    (9)
	Expr:  Expr.'%' Expr 
	Expr:  Expr.';' Expr 
	Expr:  Expr.';' 
	Expr:  Expr.AND Expr 
	Expr:  Expr.OR Expr 
	Expr:  Expr.NOTEQ Expr 
	Expr:  Expr.GT Expr 
	Expr:  Expr.GTE Expr 
	Expr:  Expr.LT Expr 
	Expr:  Expr.LTE Expr 
	Expr:  Expr.ORR Expr 
	Expr:  Expr.AS Ident 
	Expr:  Expr.ADDADD 
	Expr:  Expr.SUBSUB 
	Expr:  Expr.VARIADIC 
	Expr:  Expr.'?' Expr ':' Expr 
	Expr:  Expr.NONIL 
	Expr:  Expr.'@' 
	Expr:  Expr.IN Expr 
	Var:  Expr.ACC Ident 
	Var:  Expr.ACC ArrIndex 
	Acc:  Expr.ACC Expr 
	Primary:  Expr.'[' SliceN ':' SliceN ']' 
	ArrIndex:  Expr.'[' Expr ']' 

	ACC  shift 45
	VARIADIC  shift 40
	ADDADD  shift 38
	SUBSUB  shift 39
	'+'  shift 19
	'-'  shift 20
	'*'  shift 21
	'/'  shift 22
	'%'  shift 27
	'&'  shift 24
	'|'  shift 25
	'^'  shift 23
	'@'  shift 43
	NONIL  shift 42
	'['  shift 46
	.  reduce 9 (src line 52)


state 76
	Expr:  Expr.'+' Expr 
	Expr:  Expr.'-' Expr 
	Expr:  Expr.'*' Expr 
	Expr:  Expr.'/' Expr 
	Expr:  Expr.'^' Expr 
	Expr:  Expr.'&' Expr 
	Expr:  Expr.'|' Expr 
	Expr:  Expr.EQ Expr 
	Expr:  Expr.'%' Expr 
	Expr:  Expr '%' Expr.    (10)
	Expr:  Expr.';' Expr 
	Expr:  Expr.';' 
	Expr:  Expr.AND Expr 
	Expr:  Expr.OR Expr 
	Expr:  Expr.NOTEQ Expr 
	Expr:  Expr.GT Expr 
	Expr:  Expr.GTE Expr 
	Expr:  Expr.LT Expr 
	Expr:  Expr.LTE Expr 
	Expr:  Expr.ORR Expr 
	Expr:  Expr.AS Ident 
	Expr:  Expr.ADDADD 
	Expr:  Expr.SUBSUB 
	Expr:  Expr.VARIADIC 
	Expr:  Expr.'?' Expr ':' Expr 
	Expr:  Expr.NONIL 
	Expr:  Expr.'@' 
	Expr:  Expr.IN Expr 
	Var:  Expr.ACC Ident 
	Var:  Expr.ACC ArrIndex 
	Acc:  Expr.ACC Expr 
	Primary:  Expr.'[' SliceN ':' SliceN ']' 
	ArrIndex:  Expr.'[' Expr ']' 

	ACC  shift 45
	VARIADIC  shift 40
	'&'  shift 24
	'|'  shift 25
	'^'  shift 23
	'@'  shift 43
	NONIL  shift 42
	'['  shift 46
	.  reduce 10 (src line 53)


state 77
	Expr:  Expr.'+' Expr 
	Expr:  Expr.'-' Expr 
	Expr:  Expr.'*' Expr 
	Expr:  Expr.'/' Expr 
	Expr:  Expr.'^' Expr 
	Expr:  Expr.'&' Expr 
	Expr:  Expr.'|' Expr 
	Expr:  Expr.EQ Expr 
	Expr:  Expr.'%' Expr 
	Expr:  Expr.';' Expr 
	Expr:  Expr ';' Expr.    (11)
	Expr:  Expr.';' 
	Expr:  Expr.AND Expr 
	Expr:  Expr.OR Expr 
	Expr:  Expr.NOTEQ Expr 
	Expr:  Expr.GT Expr 
	Expr:  Expr.GTE Expr 
	Expr:  Expr.LT Expr 
	Expr:  Expr.LTE Expr 
	Expr:  Expr.ORR Expr 
	Expr:  Expr.AS Ident 
	Expr:  Expr.ADDADD 
	Expr:  Expr.SUBSUB 
	Expr:  Expr.VARIADIC 
	Expr:  Expr.'?' Expr ':' Expr 
	Expr:  Expr.NONIL 
	Expr:  Expr.'@' 
	Expr:  Expr.IN Expr 
	Var:  Expr.ACC Ident 
	Var:  Expr.ACC ArrIndex 
	Acc:  Expr.ACC Expr 
	Primary:  Expr.'[' SliceN ':' SliceN ']' 
	ArrIndex:  Expr.'[' Expr ']' 

	EQ  shift 26
	AND  shift 29
	OR  shift 30
	NOTEQ  shift 31
	GT  shift 32
	GTE  shift 33
	LT  shift 34
	LTE  shift 35
	ORR  shift 36
	ACC  shift 45
	IN  shift 44
	VARIADIC  shift 40
	AS  shift 37
	'?'  shift 41
	ADDADD  shift 38
	SUBSUB  shift 39
	'+'  shift 19
	'-'  shift 20
	'*'  shift 21
	'/'  shift 22
	'%'  shift 27
	'&'  shift 24
	'|'  shift 25
	'^'  shift 23
	'@'  shift 43
	NONIL  shift 42
	'['  shift 46
	.  reduce 11 (src line 54)


state 78
	Expr:  Expr.'+' Expr 
	Expr:  Expr.'-' Expr 
	Expr:  Expr.'*' Expr 
	Expr:  Expr.'/' Expr 
	Expr:  Expr.'^' Expr 
	Expr:  Expr.'&' Expr 
	Expr:  Expr.'|' Expr 
	Expr:  Expr.EQ Expr 
	Expr:  Expr.'%' Expr 
	Expr:  Expr.';' Expr 
	Expr:  Expr.';' 
	Expr:  Expr.AND Expr 
	Expr:  Expr AND Expr.    (19)
	Expr:  Expr.OR Expr 
	Expr:  Expr.NOTEQ Expr 
	Expr:  Expr.GT Expr 
	Expr:  Expr.GTE Expr 
	Expr:  Expr.LT Expr 
	Expr:  Expr.LTE Expr 
	Expr:  Expr.ORR Expr 
	Expr:  Expr.AS Ident 
	Expr:  Expr.ADDADD 
	Expr:  Expr.SUBSUB 
	Expr:  Expr.VARIADIC 
	Expr:  Expr.'?' Expr ':' Expr 
	Expr:  Expr.NONIL 
	Expr:  Expr.'@' 
	Expr:  Expr.IN Expr 
	Var:  Expr.ACC Ident 
	Var:  Expr.ACC ArrIndex 
	Acc:  Expr.ACC Expr 
	Primary:  Expr.'[' SliceN ':' SliceN ']' 
	ArrIndex:  Expr.'[' Expr ']' 

	EQ  shift 26
	AND  shift 29
	NOTEQ  shift 31
	GT  shift 32
	GTE  shift 33
	LT  shift 34
	LTE  shift 35
	ACC  shift 45
	IN  shift 44
	VARIADIC  shift 40
	ADDADD  shift 38
	SUBSUB  shift 39
	'+'  shift 19
	'-'  shift 20
	'*'  shift 21
	'/'  shift 22
	'%'  shift 27
	'&'  shift 24
	'|'  shift 25
	'^'  shift 23
	'@'  shift 43
	NONIL  shift 42
	'['  shift 46
	.  reduce 19 (src line 62)


state 79
	Expr:  Expr.'+' Expr 
	Expr:  Expr.'-' Expr 
	Expr:  Expr.'*' Expr 
	Expr:  Expr.'/' Expr 
	Expr:  Expr.'^' Expr 
	Expr:  Expr.'&' Expr 
	Expr:  Expr.'|' Expr 
	Expr:  Expr.EQ Expr 
	Expr:  Expr.'%' Expr 
	Expr:  Expr.';' Expr 
	Expr:  Expr.';' 
	Expr:  Expr.AND Expr 
	Expr:  Expr.OR Expr 
	Expr:  Expr OR Expr.    (20)
	Expr:  Expr.NOTEQ Expr 
	Expr:  Expr.GT Expr 
	Expr:  Expr.GTE Expr 
	Expr:  Expr.LT Expr 
	Expr:  Expr.LTE Expr 
	Expr:  Expr.ORR Expr 
	Expr:  Expr.AS Ident 
	Expr:  Expr.ADDADD 
	Expr:  Expr.SUBSUB 
	Expr:  Expr.VARIADIC 
	Expr:  Expr.'?' Expr ':' Expr 
	Expr:  Expr.NONIL 
	Expr:  Expr.'@' 
	Expr:  Expr.IN Expr 
	Var:  Expr.ACC Ident 
	Var:  Expr.ACC ArrIndex 
	Acc:  Expr.ACC Expr 
	Primary:  Expr.'[' SliceN ':' SliceN ']' 
	ArrIndex:  Expr.'[' Expr ']' 

	EQ  shift 26
	AND  shift 29
	OR  shift 30
	NOTEQ  shift 31
	GT  shift 32
	GTE  shift 33
	LT  shift 34
	LTE  shift 35
	ACC  shift 45
	IN  shift 44
	VARIADIC  shift 40
	ADDADD  shift 38
	SUBSUB  shift 39
	'+'  shift 19
	'-'  shift 20
	'*'  shift 21
	'/'  shift 22
	'%'  shift 27
	'&'  shift 24
	'|'  shift 25
	'^'  shift 23
	'@'  shift 43
	NONIL  shift 42
	'['  shift 46
	.  reduce 20 (src line 63)


state 80
	Expr:  Expr.'+' Expr 
	Expr:  Expr.'-' Expr 
	Expr:  Expr.'*' Expr 
	Expr:  Expr.'/' Expr 
	Expr:  Expr.'^' Expr 
	Expr:  Expr.'&' Expr 
	Expr:  Expr.'|' Expr 
	Expr:  Expr.EQ Expr 
	Expr:  Expr.'%' Expr 
	Expr:  Expr.';' Expr 
	Expr:  Expr.';' 
	Expr:  Expr.AND Expr 
	Expr:  Expr.OR Expr 
	Expr:  Expr.NOTEQ Expr 
	Expr:  Expr NOTEQ Expr.    (21)
	Expr:  Expr.GT Expr 
	Expr:  Expr.GTE Expr 
	Expr:  Expr.LT Expr 
	Expr:  Expr.LTE Expr 
	Expr:  Expr.ORR Expr 
	Expr:  Expr.AS Ident 
	Expr:  Expr.ADDADD 
	Expr:  Expr.SUBSUB 
	Expr:  Expr.VARIADIC 
	Expr:  Expr.'?' Expr ':' Expr 
	Expr:  Expr.NONIL 
	Expr:  Expr.'@' 
	Expr:  Expr.IN Expr 
	Var:  Expr.ACC Ident 
	Var:  Expr.ACC ArrIndex 
	Acc:  Expr.ACC Expr 
	Primary:  Expr.'[' SliceN ':' SliceN ']' 
	ArrIndex:  Expr.'[' Expr ']' 

	ACC  shift 45
	VARIADIC  shift 40
	ADDADD  shift 38
	SUBSUB  shift 39
	'+'  shift 19
	'-'  shift 20
	'*'  shift 21
	'/'  shift 22
	'%'  shift 27
	'&'  shift 24
	'|'  shift 25
	'^'  shift 23
	'@'  shift 43
	NONIL  shift 42
	'['  shift 46
	.  reduce 21 (src line 64)


state 81
	Expr:  Expr.'+' Expr 
	Expr:  Expr.'-' Expr 
	Expr:  Expr.'*' Expr 
	Expr:  Expr.'/' Expr 
	Expr:  Expr.'^' Expr 
	Expr:  Expr.'&' Expr 
	Expr:  Expr.'|' Expr 
	Expr:  Expr.EQ Expr 
	Expr:  Expr.'%' Expr 
	Expr:  Expr.';' Expr 
	Expr:  Expr.';' 
	Expr:  Expr.AND Expr 
	Expr:  Expr.OR Expr 
	Expr:  Expr.NOTEQ Expr 
	Expr:  Expr.GT Expr 
	Expr:  Expr GT Expr.    (22)
	Expr:  Expr.GTE Expr 
	Expr:  Expr.LT Expr 
	Expr:  Expr.LTE Expr 
	Expr:  Expr.ORR Expr 
	Expr:  Expr.AS Ident 
	Expr:  Expr.ADDADD 
	Expr:  Expr.SUBSUB 
	Expr:  Expr.VARIADIC 
	Expr:  Expr.'?' Expr ':' Expr 
	Expr:  Expr.NONIL 
	Expr:  Expr.'@' 
	Expr:  Expr.IN Expr 
	Var:  Expr.ACC Ident 
	Var:  Expr.ACC ArrIndex 
	Acc:  Expr.ACC Expr 
	Primary:  Expr.'[' SliceN ':' SliceN ']' 
	ArrIndex:  Expr.'[' Expr ']' 

	ACC  shift 45
	VARIADIC  shift 40
	ADDADD  shift 38
	SUBSUB  shift 39
	'+'  shift 19
	'-'  shift 20
	'*'  shift 21
	'/'  shift 22
	'%'  shift 27
	'&'  shift 24
	'|'  shift 25
	'^'  shift 23
	'@'  shift 43
	NONIL  shift 42
	'['  shift 46
	.  reduce 22 (src line 65)


state 82
	Expr:  Expr.'+' Expr 
	Expr:  Expr.'-' Expr 
	Expr:  Expr.'*' Expr 
	Expr:  Expr.'/' Expr 
	Expr:  Expr.'^' Expr 
	Expr:  Expr.'&' Expr 
	Expr:  Expr.'|' Expr 
	Expr:  Expr.EQ Expr 
	Expr:  Expr.'%' Expr 
	Expr:  Expr.';' Expr 
	Expr:  Expr.';' 
	Expr:  Expr.AND Expr 
	Expr:  Expr.OR Expr 
	Expr:  Expr.NOTEQ Expr 
	Expr:  Expr.GT Expr 
	Expr:  Expr.GTE Expr 
	Expr:  Expr GTE Expr.    (23)
	Expr:  Expr.LT Expr 
	Expr:  Expr.LTE Expr 
	Expr:  Expr.ORR Expr 
	Expr:  Expr.AS Ident 
	Expr:  Expr.ADDADD 
	Expr:  Expr.SUBSUB 
	Expr:  Expr.VARIADIC 
	Expr:  Expr.'?' Expr ':' Expr 
	Expr:  Expr.NONIL 
	Expr:  Expr.'@' 
	Expr:  Expr.IN Expr 
	Var:  Expr.ACC Ident 
	Var:  Expr.ACC ArrIndex 
	Acc:  Expr.ACC Expr 
	Primary:  Expr.'[' SliceN ':' SliceN ']' 
	ArrIndex:  Expr.'[' Expr ']' 

	ACC  shift 45
	VARIADIC  shift 40
	ADDADD  shift 38
	SUBSUB  shift 39
	'+'  shift 19
	'-'  shift 20
	'*'  shift 21
	'/'  shift 22
	'%'  shift 27
	'&'  shift 24
	'|'  shift 25
	'^'  shift 23
	'@'  shift 43
	NONIL  shift 42
	'['  shift 46
	.  reduce 23 (src line 66)


state 83
	Expr:  Expr.'+' Expr 
	Expr:  Expr.'-' Expr 
	Expr:  Expr.'*' Expr 
	Expr:  Expr.'/' Expr 
	Expr:  Expr.'^' Expr 
	Expr:  Expr.'&' Expr 
	Expr:  Expr.'|' Expr 
	Expr:  Expr.EQ Expr 
	Expr:  Expr.'%' Expr 
	Expr:  Expr.';' Expr 
	Expr:  Expr.';' 
	Expr:  Expr.AND Expr 
	Expr:  Expr.OR Expr 
	Expr:  Expr.NOTEQ Expr 
	Expr:  Expr.GT Expr 
	Expr:  Expr.GTE Expr 
	Expr:  Expr.LT Expr 
	Expr:  Expr LT Expr.    (24)
	Expr:  Expr.LTE Expr 
	Expr:  Expr.ORR Expr 
	Expr:  Expr.AS Ident 
	Expr:  Expr.ADDADD 
	Expr:  Expr.SUBSUB 
	Expr:  Expr.VARIADIC 
	Expr:  Expr.'?' Expr ':' Expr 
	Expr:  Expr.NONIL 
	Expr:  Expr.'@' 
	Expr:  Expr.IN Expr 
	Var:  Expr.ACC Ident 
	Var:  Expr.ACC ArrIndex 
	Acc:  Expr.ACC Expr 
	Primary:  Expr.'[' SliceN ':' SliceN ']' 
	ArrIndex:  Expr.'[' Expr ']' 

	ACC  shift 45
	VARIADIC  shift 40
	ADDADD  shift 38
	SUBSUB  shift 39
	'+'  shift 19
	'-'  shift 20
	'*'  shift 21
	'/'  shift 22
	'%'  shift 27
	'&'  shift 24
	'|'  shift 25
	'^'  shift 23
	'@'  shift 43
	NONIL  shift 42
	'['  shift 46
	.  reduce 24 (src line 67)


state 84
	Expr:  Expr.'+' Expr 
	Expr:  Expr.'-' Expr 
	Expr:  Expr.'*' Expr 
	Expr:  Expr.'/' Expr 
	Expr:  Expr.'^' Expr 
	Expr:  Expr.'&' Expr 
	Expr:  Expr.'|' Expr 
	Expr:  Expr.EQ Expr 
	Expr:  Expr.'%' Expr 
	Expr:  Expr.';' Expr 
	Expr:  Expr.';' 
	Expr:  Expr.AND Expr 
	Expr:  Expr.OR Expr 
	Expr:  Expr.NOTEQ Expr 
	Expr:  Expr.GT Expr 
	Expr:  Expr.GTE Expr 
	Expr:  Expr.LT Expr 
	Expr:  Expr.LTE Expr 
	Expr:  Expr LTE Expr.    (25)
	Expr:  Expr.ORR Expr 
	Expr:  Expr.AS Ident 
	Expr:  Expr.ADDADD 
	Expr:  Expr.SUBSUB 
	Expr:  Expr.VARIADIC 
	Expr:  Expr.'?' Expr ':' Expr 
	Expr:  Expr.NONIL 
	Expr:  Expr.'@' 
	Expr:  Expr.IN Expr 
	Var:  Expr.ACC Ident 
	Var:  Expr.ACC ArrIndex 
	Acc:  Expr.ACC Expr 
	Primary:  Expr.'[' SliceN ':' SliceN ']' 
	ArrIndex:  Expr.'[' Expr ']' 

	ACC  shift 45
	VARIADIC  shift 40
	ADDADD  shift 38
	SUBSUB  shift 39
	'+'  shift 19
	'-'  shift 20
	'*'  shift 21
	'/'  shift 22
	'%'  shift 27
	'&'  shift 24
	'|'  shift 25
	'^'  shift 23
	'@'  shift 43
	NONIL  shift 42
	'['  shift 46
	.  reduce 25 (src line 68)


state 85
	Expr:  Expr.'+' Expr 
	Expr:  Expr.'-' Expr 
	Expr:  Expr.'*' Expr 
	Expr:  Expr.'/' Expr 
	Expr:  Expr.'^' Expr 
	Expr:  Expr.'&' Expr 
	Expr:  Expr.'|' Expr 
	Expr:  Expr.EQ Expr 
	Expr:  Expr.'%' Expr 
	Expr:  Expr.';' Expr 
	Expr:  Expr.';' 
	Expr:  Expr.AND Expr 
	Expr:  Expr.OR Expr 
	Expr:  Expr.NOTEQ Expr 
	Expr:  Expr.GT Expr 
	Expr:  Expr.GTE Expr 
	Expr:  Expr.LT Expr 
	Expr:  Expr.LTE Expr 
	Expr:  Expr.ORR Expr 
	Expr:  Expr ORR Expr.    (26)
	Expr:  Expr.AS Ident 
	Expr:  Expr.ADDADD 
	Expr:  Expr.SUBSUB 
	Expr:  Expr.VARIADIC 
	Expr:  Expr.'?' Expr ':' Expr 
	Expr:  Expr.NONIL 
	Expr:  Expr.'@' 
	Expr:  Expr.IN Expr 
	Var:  Expr.ACC Ident 
	Var:  Expr.ACC ArrIndex 
	Acc:  Expr.ACC Expr 
	Primary:  Expr.'[' SliceN ':' SliceN ']' 
	ArrIndex:  Expr.'[' Expr ']' 

	EQ  shift 26
	AND  shift 29
	OR  shift 30
	NOTEQ  shift 31
	GT  shift 32
	GTE  shift 33
	LT  shift 34
	LTE  shift 35
	ACC  shift 45
	IN  shift 44
	VARIADIC  shift 40
	ADDADD  shift 38
	SUBSUB  shift 39
	'+'  shift 19
	'-'  shift 20
	'*'  shift 21
	'/'  shift 22
	'%'  shift 27
	'&'  shift 24
	'|'  shift 25
	'^'  shift 23
	'@'  shift 43
	NONIL  shift 42
	'['  shift 46
	.  reduce 26 (src line 70)


state 86
	Expr:  Expr AS Ident.    (27)

	.  reduce 27 (src line 71)


state 87
	Ident:  IDENT.    (47)

	.  reduce 47 (src line 107)


state 88
	Expr:  Expr.'+' Expr 
	Expr:  Expr.'-' Expr 
	Expr:  Expr.'*' Expr 
	Expr:  Expr.'/' Expr 
	Expr:  Expr.'^' Expr 
	Expr:  Expr.'&' Expr 
	Expr:  Expr.'|' Expr 
	Expr:  Expr.EQ Expr 
	Expr:  Expr.'%' Expr 
	Expr:  Expr.';' Expr 
	Expr:  Expr.';' 
	Expr:  Expr.AND Expr 
	Expr:  Expr.OR Expr 
	Expr:  Expr.NOTEQ Expr 
	Expr:  Expr.GT Expr 
	Expr:  Expr.GTE Expr 
	Expr:  Expr.LT Expr 
	Expr:  Expr.LTE Expr 
	Expr:  Expr.ORR Expr 
	Expr:  Expr.AS Ident 
	Expr:  Expr.ADDADD 
	Expr:  Expr.SUBSUB 
	Expr:  Expr.VARIADIC 
	Expr:  Expr.'?' Expr ':' Expr 
	Expr:  Expr '?' Expr.':' Expr 
	Expr:  Expr.NONIL 
	Expr:  Expr.'@' 
	Expr:  Expr.IN Expr 
	Var:  Expr.ACC Ident 
	Var:  Expr.ACC ArrIndex 
	Acc:  Expr.ACC Expr 
	Primary:  Expr.'[' SliceN ':' SliceN ']' 
	ArrIndex:  Expr.'[' Expr ']' 

	EQ  shift 26
	AND  shift 29
	OR  shift 30
	NOTEQ  shift 31
	GT  shift 32
	GTE  shift 33
	LT  shift 34
	LTE  shift 35
	ORR  shift 36
	ACC  shift 45
	IN  shift 44
	VARIADIC  shift 40
	AS  shift 37
	';'  shift 28
	'?'  shift 41
	':'  shift 111
	ADDADD  shift 38
	SUBSUB  shift 39
	'+'  shift 19
	'-'  shift 20
	'*'  shift 21
	'/'  shift 22
	'%'  shift 27
	'&'  shift 24
	'|'  shift 25
	'^'  shift 23
	'@'  shift 43
	NONIL  shift 42
	'['  shift 46
	.  error


state 89
	Expr:  Expr.'+' Expr 
	Expr:  Expr.'-' Expr 
	Expr:  Expr.'*' Expr 
	Expr:  Expr.'/' Expr 
	Expr:  Expr.'^' Expr 
	Expr:  Expr.'&' Expr 
	Expr:  Expr.'|' Expr 
	Expr:  Expr.EQ Expr 
	Expr:  Expr.'%' Expr 
	Expr:  Expr.';' Expr 
	Expr:  Expr.';' 
	Expr:  Expr.AND Expr 
	Expr:  Expr.OR Expr 
	Expr:  Expr.NOTEQ Expr 
	Expr:  Expr.GT Expr 
	Expr:  Expr.GTE Expr 
	Expr:  Expr.LT Expr 
	Expr:  Expr.LTE Expr 
	Expr:  Expr.ORR Expr 
	Expr:  Expr.AS Ident 
	Expr:  Expr.ADDADD 
	Expr:  Expr.SUBSUB 
	Expr:  Expr.VARIADIC 
	Expr:  Expr.'?' Expr ':' Expr 
	Expr:  Expr.NONIL 
	Expr:  Expr.'@' 
	Expr:  Expr.IN Expr 
	Expr:  Expr IN Expr.    (39)
	Var:  Expr.ACC Ident 
	Var:  Expr.ACC ArrIndex 
	Acc:  Expr.ACC Expr 
	Primary:  Expr.'[' SliceN ':' SliceN ']' 
	ArrIndex:  Expr.'[' Expr ']' 

	ACC  shift 45
	VARIADIC  shift 40
	ADDADD  shift 38
	SUBSUB  shift 39
	'+'  shift 19
	'-'  shift 20
	'*'  shift 21
	'/'  shift 22
	'%'  shift 27
	'&'  shift 24
	'|'  shift 25
	'^'  shift 23
	'@'  shift 43
	NONIL  shift 42
	'['  shift 46
	.  reduce 39 (src line 87)


state 90
	Expr:  Ident.'=' Expr 
	Expr:  Ident.ADDEQ Expr 
	Expr:  Ident.    (40)
	Var:  Expr ACC Ident.    (44)
	Primary:  Ident.'(' ArgListOpt ')' 

	ADDEQ  reduce 44 (src line 100)
	'='  reduce 44 (src line 100)
	'('  shift 49
	.  reduce 40 (src line 88)


state 91
	Expr:  ArrIndex.'=' Expr 
	Expr:  ArrIndex.ADDEQ Expr 
	Var:  Expr ACC ArrIndex.    (45)
	Primary:  ArrIndex.    (56)

	ADDEQ  reduce 45 (src line 102)
	'='  reduce 45 (src line 102)
	.  reduce 56 (src line 119)


state 92
	Expr:  Expr.'+' Expr 
	Expr:  Expr.'-' Expr 
	Expr:  Expr.'*' Expr 
	Expr:  Expr.'/' Expr 
	Expr:  Expr.'^' Expr 
	Expr:  Expr.'&' Expr 
	Expr:  Expr.'|' Expr 
	Expr:  Expr.EQ Expr 
	Expr:  Expr.'%' Expr 
	Expr:  Expr.';' Expr 
	Expr:  Expr.';' 
	Expr:  Expr.AND Expr 
	Expr:  Expr.OR Expr 
	Expr:  Expr.NOTEQ Expr 
	Expr:  Expr.GT Expr 
	Expr:  Expr.GTE Expr 
	Expr:  Expr.LT Expr 
	Expr:  Expr.LTE Expr 
	Expr:  Expr.ORR Expr 
	Expr:  Expr.AS Ident 
	Expr:  Expr.ADDADD 
	Expr:  Expr.SUBSUB 
	Expr:  Expr.VARIADIC 
	Expr:  Expr.'?' Expr ':' Expr 
	Expr:  Expr.NONIL 
	Expr:  Expr.'@' 
	Expr:  Expr.IN Expr 
	Var:  Expr.ACC Ident 
	Var:  Expr.ACC ArrIndex 
	Acc:  Expr.ACC Expr 
	Acc:  Expr ACC Expr.    (46)
	Primary:  Expr.'[' SliceN ':' SliceN ']' 
	ArrIndex:  Expr.'[' Expr ']' 

	VARIADIC  shift 40
	.  reduce 46 (src line 104)


state 93
	Primary:  Expr '[' SliceN.':' SliceN ']' 

	':'  shift 112
	.  error


state 94
	Expr:  Expr.'+' Expr 
	Expr:  Expr.'-' Expr 
	Expr:  Expr.'*' Expr 
	Expr:  Expr.'/' Expr 
	Expr:  Expr.'^' Expr 
	Expr:  Expr.'&' Expr 
	Expr:  Expr.'|' Expr 
	Expr:  Expr.EQ Expr 
	Expr:  Expr.'%' Expr 
	Expr:  Expr.';' Expr 
	Expr:  Expr.';' 
	Expr:  Expr.AND Expr 
	Expr:  Expr.OR Expr 
	Expr:  Expr.NOTEQ Expr 
	Expr:  Expr.GT Expr 
	Expr:  Expr.GTE Expr 
	Expr:  Expr.LT Expr 
	Expr:  Expr.LTE Expr 
	Expr:  Expr.ORR Expr 
	Expr:  Expr.AS Ident 
	Expr:  Expr.ADDADD 
	Expr:  Expr.SUBSUB 
	Expr:  Expr.VARIADIC 
	Expr:  Expr.'?' Expr ':' Expr 
	Expr:  Expr.NONIL 
	Expr:  Expr.'@' 
	Expr:  Expr.IN Expr 
	Var:  Expr.ACC Ident 
	Var:  Expr.ACC ArrIndex 
	Acc:  Expr.ACC Expr 
	Primary:  Expr.'[' SliceN ':' SliceN ']' 
	SliceN:  Expr.    (60)
	ArrIndex:  Expr.'[' Expr ']' 
	ArrIndex:  Expr '[' Expr.']' 

	EQ  shift 26
	AND  shift 29
	OR  shift 30
	NOTEQ  shift 31
	GT  shift 32
	GTE  shift 33
	LT  shift 34
	LTE  shift 35
	ORR  shift 36
	ACC  shift 45
	IN  shift 44
	VARIADIC  shift 40
	AS  shift 37
	';'  shift 28
	'?'  shift 41
	ADDADD  shift 38
	SUBSUB  shift 39
	'+'  shift 19
	'-'  shift 20
	'*'  shift 21
	'/'  shift 22
	'%'  shift 27
	'&'  shift 24
	'|'  shift 25
	'^'  shift 23
	'@'  shift 43
	NONIL  shift 42
	'['  shift 46
	']'  shift 113
	.  reduce 60 (src line 130)


state 95
	Expr:  Expr.'+' Expr 
	Expr:  Expr.'-' Expr 
	Expr:  Expr.'*' Expr 
	Expr:  Expr.'/' Expr 
	Expr:  Expr.'^' Expr 
	Expr:  Expr.'&' Expr 
	Expr:  Expr.'|' Expr 
	Expr:  Expr.EQ Expr 
	Expr:  Expr.'%' Expr 
	Expr:  Expr.';' Expr 
	Expr:  Expr.';' 
	Expr:  Ident '=' Expr.    (13)
	Expr:  Expr.AND Expr 
	Expr:  Expr.OR Expr 
	Expr:  Expr.NOTEQ Expr 
	Expr:  Expr.GT Expr 
	Expr:  Expr.GTE Expr 
	Expr:  Expr.LT Expr 
	Expr:  Expr.LTE Expr 
	Expr:  Expr.ORR Expr 
	Expr:  Expr.AS Ident 
	Expr:  Expr.ADDADD 
	Expr:  Expr.SUBSUB 
	Expr:  Expr.VARIADIC 
	Expr:  Expr.'?' Expr ':' Expr 
	Expr:  Expr.NONIL 
	Expr:  Expr.'@' 
	Expr:  Expr.IN Expr 
	Var:  Expr.ACC Ident 
	Var:  Expr.ACC ArrIndex 
	Acc:  Expr.ACC Expr 
	Primary:  Expr.'[' SliceN ':' SliceN ']' 
	ArrIndex:  Expr.'[' Expr ']' 

	EQ  shift 26
	AND  shift 29
	OR  shift 30
	NOTEQ  shift 31
	GT  shift 32
	GTE  shift 33
	LT  shift 34
	LTE  shift 35
	ORR  shift 36
	ACC  shift 45
	IN  shift 44
	VARIADIC  shift 40
	'?'  shift 41
	ADDADD  shift 38
	SUBSUB  shift 39
	'+'  shift 19
	'-'  shift 20
	'*'  shift 21
	'/'  shift 22
	'%'  shift 27
	'&'  shift 24
	'|'  shift 25
	'^'  shift 23
	'@'  shift 43
	NONIL  shift 42
	'['  shift 46
	.  reduce 13 (src line 56)


state 96
	Expr:  Expr.'+' Expr 
	Expr:  Expr.'-' Expr 
	Expr:  Expr.'*' Expr 
	Expr:  Expr.'/' Expr 
	Expr:  Expr.'^' Expr 
	Expr:  Expr.'&' Expr 
	Expr:  Expr.'|' Expr 
	Expr:  Expr.EQ Expr 
	Expr:  Expr.'%' Expr 
	Expr:  Expr.';' Expr 
	Expr:  Expr.';' 
	Expr:  Ident ADDEQ Expr.    (16)
	Expr:  Expr.AND Expr 
	Expr:  Expr.OR Expr 
	Expr:  Expr.NOTEQ Expr 
	Expr:  Expr.GT Expr 
	Expr:  Expr.GTE Expr 
	Expr:  Expr.LT Expr 
	Expr:  Expr.LTE Expr 
	Expr:  Expr.ORR Expr 
	Expr:  Expr.AS Ident 
	Expr:  Expr.ADDADD 
	Expr:  Expr.SUBSUB 
	Expr:  Expr.VARIADIC 
	Expr:  Expr.'?' Expr ':' Expr 
	Expr:  Expr.NONIL 
	Expr:  Expr.'@' 
	Expr:  Expr.IN Expr 
	Var:  Expr.ACC Ident 
	Var:  Expr.ACC ArrIndex 
	Acc:  Expr.ACC Expr 
	Primary:  Expr.'[' SliceN ':' SliceN ']' 
	ArrIndex:  Expr.'[' Expr ']' 

	ACC  shift 45
	VARIADIC  shift 40
	'+'  shift 19
	'-'  shift 20
	'*'  shift 21
	'/'  shift 22
	'%'  shift 27
	'&'  shift 24
	'|'  shift 25
	'^'  shift 23
	'@'  shift 43
	NONIL  shift 42
	'['  shift 46
	.  reduce 16 (src line 59)


state 97
	Primary:  Ident '(' ArgListOpt.')' 

	')'  shift 114
	.  error


state 98
	Expr:  Expr.'+' Expr 
	Expr:  Expr.'-' Expr 
	Expr:  Expr.'*' Expr 
	Expr:  Expr.'/' Expr 
	Expr:  Expr.'^' Expr 
	Expr:  Expr.'&' Expr 
	Expr:  Expr.'|' Expr 
	Expr:  Expr.EQ Expr 
	Expr:  Expr.'%' Expr 
	Expr:  Expr.';' Expr 
	Expr:  Expr.';' 
	Expr:  Var '=' Expr.    (14)
	Expr:  Expr.AND Expr 
	Expr:  Expr.OR Expr 
	Expr:  Expr.NOTEQ Expr 
	Expr:  Expr.GT Expr 
	Expr:  Expr.GTE Expr 
	Expr:  Expr.LT Expr 
	Expr:  Expr.LTE Expr 
	Expr:  Expr.ORR Expr 
	Expr:  Expr.AS Ident 
	Expr:  Expr.ADDADD 
	Expr:  Expr.SUBSUB 
	Expr:  Expr.VARIADIC 
	Expr:  Expr.'?' Expr ':' Expr 
	Expr:  Expr.NONIL 
	Expr:  Expr.'@' 
	Expr:  Expr.IN Expr 
	Var:  Expr.ACC Ident 
	Var:  Expr.ACC ArrIndex 
	Acc:  Expr.ACC Expr 
	Primary:  Expr.'[' SliceN ':' SliceN ']' 
	ArrIndex:  Expr.'[' Expr ']' 

	EQ  shift 26
	AND  shift 29
	OR  shift 30
	NOTEQ  shift 31
	GT  shift 32
	GTE  shift 33
	LT  shift 34
	LTE  shift 35
	ORR  shift 36
	ACC  shift 45
	IN  shift 44
	VARIADIC  shift 40
	'?'  shift 41
	ADDADD  shift 38
	SUBSUB  shift 39
	'+'  shift 19
	'-'  shift 20
	'*'  shift 21
	'/'  shift 22
	'%'  shift 27
	'&'  shift 24
	'|'  shift 25
	'^'  shift 23
	'@'  shift 43
	NONIL  shift 42
	'['  shift 46
	.  reduce 14 (src line 57)


state 99
	Expr:  Expr.'+' Expr 
	Expr:  Expr.'-' Expr 
	Expr:  Expr.'*' Expr 
	Expr:  Expr.'/' Expr 
	Expr:  Expr.'^' Expr 
	Expr:  Expr.'&' Expr 
	Expr:  Expr.'|' Expr 
	Expr:  Expr.EQ Expr 
	Expr:  Expr.'%' Expr 
	Expr:  Expr.';' Expr 
	Expr:  Expr.';' 
	Expr:  Var ADDEQ Expr.    (17)
	Expr:  Expr.AND Expr 
	Expr:  Expr.OR Expr 
	Expr:  Expr.NOTEQ Expr 
	Expr:  Expr.GT Expr 
	Expr:  Expr.GTE Expr 
	Expr:  Expr.LT Expr 
	Expr:  Expr.LTE Expr 
	Expr:  Expr.ORR Expr 
	Expr:  Expr.AS Ident 
	Expr:  Expr.ADDADD 
	Expr:  Expr.SUBSUB 
	Expr:  Expr.VARIADIC 
	Expr:  Expr.'?' Expr ':' Expr 
	Expr:  Expr.NONIL 
	Expr:  Expr.'@' 
	Expr:  Expr.IN Expr 
	Var:  Expr.ACC Ident 
	Var:  Expr.ACC ArrIndex 
	Acc:  Expr.ACC Expr 
	Primary:  Expr.'[' SliceN ':' SliceN ']' 
	ArrIndex:  Expr.'[' Expr ']' 

	ACC  shift 45
	VARIADIC  shift 40
	'+'  shift 19
	'-'  shift 20
	'*'  shift 21
	'/'  shift 22
	'%'  shift 27
	'&'  shift 24
	'|'  shift 25
	'^'  shift 23
	'@'  shift 43
	NONIL  shift 42
	'['  shift 46
	.  reduce 17 (src line 60)


state 100
	Expr:  Expr.'+' Expr 
	Expr:  Expr.'-' Expr 
	Expr:  Expr.'*' Expr 
	Expr:  Expr.'/' Expr 
	Expr:  Expr.'^' Expr 
	Expr:  Expr.'&' Expr 
	Expr:  Expr.'|' Expr 
	Expr:  Expr.EQ Expr 
	Expr:  Expr.'%' Expr 
	Expr:  Expr.';' Expr 
	Expr:  Expr.';' 
	Expr:  ArrIndex '=' Expr.    (15)
	Expr:  Expr.AND Expr 
	Expr:  Expr.OR Expr 
	Expr:  Expr.NOTEQ Expr 
	Expr:  Expr.GT Expr 
	Expr:  Expr.GTE Expr 
	Expr:  Expr.LT Expr 
	Expr:  Expr.LTE Expr 
	Expr:  Expr.ORR Expr 
	Expr:  Expr.AS Ident 
	Expr:  Expr.ADDADD 
	Expr:  Expr.SUBSUB 
	Expr:  Expr.VARIADIC 
	Expr:  Expr.'?' Expr ':' Expr 
	Expr:  Expr.NONIL 
	Expr:  Expr.'@' 
	Expr:  Expr.IN Expr 
	Var:  Expr.ACC Ident 
	Var:  Expr.ACC ArrIndex 
	Acc:  Expr.ACC Expr 
	Primary:  Expr.'[' SliceN ':' SliceN ']' 
	ArrIndex:  Expr.'[' Expr ']' 

	EQ  shift 26
	AND  shift 29
	OR  shift 30
	NOTEQ  shift 31
	GT  shift 32
	GTE  shift 33
	LT  shift 34
	LTE  shift 35
	ORR  shift 36
	ACC  shift 45
	IN  shift 44
	VARIADIC  shift 40
	'?'  shift 41
	ADDADD  shift 38
	SUBSUB  shift 39
	'+'  shift 19
	'-'  shift 20
	'*'  shift 21
	'/'  shift 22
	'%'  shift 27
	'&'  shift 24
	'|'  shift 25
	'^'  shift 23
	'@'  shift 43
	NONIL  shift 42
	'['  shift 46
	.  reduce 15 (src line 58)


state 101
	Expr:  Expr.'+' Expr 
	Expr:  Expr.'-' Expr 
	Expr:  Expr.'*' Expr 
	Expr:  Expr.'/' Expr 
	Expr:  Expr.'^' Expr 
	Expr:  Expr.'&' Expr 
	Expr:  Expr.'|' Expr 
	Expr:  Expr.EQ Expr 
	Expr:  Expr.'%' Expr 
	Expr:  Expr.';' Expr 
	Expr:  Expr.';' 
	Expr:  ArrIndex ADDEQ Expr.    (18)
	Expr:  Expr.AND Expr 
	Expr:  Expr.OR Expr 
	Expr:  Expr.NOTEQ Expr 
	Expr:  Expr.GT Expr 
	Expr:  Expr.GTE Expr 
	Expr:  Expr.LT Expr 
	Expr:  Expr.LTE Expr 
	Expr:  Expr.ORR Expr 
	Expr:  Expr.AS Ident 
	Expr:  Expr.ADDADD 
	Expr:  Expr.SUBSUB 
	Expr:  Expr.VARIADIC 
	Expr:  Expr.'?' Expr ':' Expr 
	Expr:  Expr.NONIL 
	Expr:  Expr.'@' 
	Expr:  Expr.IN Expr 
	Var:  Expr.ACC Ident 
	Var:  Expr.ACC ArrIndex 
	Acc:  Expr.ACC Expr 
	Primary:  Expr.'[' SliceN ':' SliceN ']' 
	ArrIndex:  Expr.'[' Expr ']' 

	ACC  shift 45
	VARIADIC  shift 40
	'+'  shift 19
	'-'  shift 20
	'*'  shift 21
	'/'  shift 22
	'%'  shift 27
	'&'  shift 24
	'|'  shift 25
	'^'  shift 23
	'@'  shift 43
	NONIL  shift 42
	'['  shift 46
	.  reduce 18 (src line 61)


state 102
	Expr:  '{' Ids '}'.LAMB Expr 

	LAMB  shift 115
	.  error


state 103
	Ids:  Ids ','.Ident 

	IDENT  shift 87
	.  error

	Ident  goto 116

state 104
	Primary:  '{' KvsOpt '}'.    (54)

	.  reduce 54 (src line 117)


state 105
	Kvs:  Kvs ','.Kv 
	Kvs:  Kvs ','.    (66)

	IDENT  shift 9
	NUMBER  shift 12
	STRING  shift 14
	BOOL  shift 13
	NIL  shift 15
	CONST  shift 10
	'-'  shift 7
	'!'  shift 6
	'['  shift 17
	'{'  shift 8
	'('  shift 16
	.  reduce 66 (src line 142)

	Expr  goto 61
	Ident  goto 3
	Var  goto 4
	ArrIndex  goto 5
	Primary  goto 11
	Acc  goto 18
	Kv  goto 117

state 106
	Kv:  Expr ':'.Expr 

	IDENT  shift 9
	NUMBER  shift 12
	STRING  shift 14
	BOOL  shift 13
	NIL  shift 15
	CONST  shift 10
	'-'  shift 7
	'!'  shift 6
	'['  shift 17
	'{'  shift 8
	'('  shift 16
	.  error

	Expr  goto 118
	Ident  goto 3
	Var  goto 4
	ArrIndex  goto 5
	Primary  goto 11
	Acc  goto 18

state 107
	Expr:  Expr.'+' Expr 
	Expr:  Expr.'-' Expr 
	Expr:  Expr.'*' Expr 
	Expr:  Expr.'/' Expr 
	Expr:  Expr.'^' Expr 
	Expr:  Expr.'&' Expr 
	Expr:  Expr.'|' Expr 
	Expr:  Expr.EQ Expr 
	Expr:  Expr.'%' Expr 
	Expr:  Expr.';' Expr 
	Expr:  Expr.';' 
	Expr:  Expr.AND Expr 
	Expr:  Expr.OR Expr 
	Expr:  Expr.NOTEQ Expr 
	Expr:  Expr.GT Expr 
	Expr:  Expr.GTE Expr 
	Expr:  Expr.LT Expr 
	Expr:  Expr.LTE Expr 
	Expr:  Expr.ORR Expr 
	Expr:  Expr.AS Ident 
	Expr:  Expr.ADDADD 
	Expr:  Expr.SUBSUB 
	Expr:  Expr.VARIADIC 
	Expr:  Expr.'?' Expr ':' Expr 
	Expr:  Expr.NONIL 
	Expr:  Expr.'@' 
	Expr:  IDENT LAMB Expr.    (37)
	Expr:  Expr.IN Expr 
	Var:  Expr.ACC Ident 
	Var:  Expr.ACC ArrIndex 
	Acc:  Expr.ACC Expr 
	Primary:  Expr.'[' SliceN ':' SliceN ']' 
	ArrIndex:  Expr.'[' Expr ']' 

	EQ  shift 26
	AND  shift 29
	OR  shift 30
	NOTEQ  shift 31
	GT  shift 32
	GTE  shift 33
	LT  shift 34
	LTE  shift 35
	ORR  shift 36
	ACC  shift 45
	IN  shift 44
	VARIADIC  shift 40
	AS  shift 37
	'?'  shift 41
	ADDADD  shift 38
	SUBSUB  shift 39
	'+'  shift 19
	'-'  shift 20
	'*'  shift 21
	'/'  shift 22
	'%'  shift 27
	'&'  shift 24
	'|'  shift 25
	'^'  shift 23
	'@'  shift 43
	NONIL  shift 42
	'['  shift 46
	.  reduce 37 (src line 83)


state 108
	Primary:  '(' Expr ')'.    (53)

	.  reduce 53 (src line 116)


state 109
	Primary:  '[' ArgListOpt ']'.    (55)

	.  reduce 55 (src line 118)


state 110
	ArgList:  ArgList ','.Expr 
	ArgList:  ArgList ','.    (72)

	IDENT  shift 9
	NUMBER  shift 12
	STRING  shift 14
	BOOL  shift 13
	NIL  shift 15
	CONST  shift 10
	'-'  shift 7
	'!'  shift 6
	'['  shift 17
	'{'  shift 8
	'('  shift 16
	.  reduce 72 (src line 156)

	Expr  goto 119
	Ident  goto 3
	Var  goto 4
	ArrIndex  goto 5
	Primary  goto 11
	Acc  goto 18

state 111
	Expr:  Expr '?' Expr ':'.Expr 

	IDENT  shift 9
	NUMBER  shift 12
	STRING  shift 14
	BOOL  shift 13
	NIL  shift 15
	CONST  shift 10
	'-'  shift 7
	'!'  shift 6
	'['  shift 17
	'{'  shift 8
	'('  shift 16
	.  error

	Expr  goto 120
	Ident  goto 3
	Var  goto 4
	ArrIndex  goto 5
	Primary  goto 11
	Acc  goto 18

state 112
	Primary:  Expr '[' SliceN ':'.SliceN ']' 
	SliceN: .    (59)

	IDENT  shift 9
	NUMBER  shift 12
	STRING  shift 14
	BOOL  shift 13
	NIL  shift 15
	CONST  shift 10
	'-'  shift 7
	'!'  shift 6
	'['  shift 17
	'{'  shift 8
	'('  shift 16
	.  reduce 59 (src line 128)

	Expr  goto 122
	Ident  goto 3
	Var  goto 4
	ArrIndex  goto 5
	Primary  goto 11
	Acc  goto 18
	SliceN  goto 121

state 113
	ArrIndex:  Expr '[' Expr ']'.    (61)

	.  reduce 61 (src line 132)


state 114
	Primary:  Ident '(' ArgListOpt ')'.    (52)

	.  reduce 52 (src line 115)


state 115
	Expr:  '{' Ids '}' LAMB.Expr 

	IDENT  shift 9
	NUMBER  shift 12
	STRING  shift 14
	BOOL  shift 13
	NIL  shift 15
	CONST  shift 10
	'-'  shift 7
	'!'  shift 6
	'['  shift 17
	'{'  shift 8
	'('  shift 16
	.  error

	Expr  goto 123
	Ident  goto 3
	Var  goto 4
	ArrIndex  goto 5
	Primary  goto 11
	Acc  goto 18

state 116
	Ids:  Ids ',' Ident.    (43)

	.  reduce 43 (src line 98)


state 117
	Kvs:  Kvs ',' Kv.    (65)

	.  reduce 65 (src line 141)


state 118
	Expr:  Expr.'+' Expr 
	Expr:  Expr.'-' Expr 
	Expr:  Expr.'*' Expr 
	Expr:  Expr.'/' Expr 
	Expr:  Expr.'^' Expr 
	Expr:  Expr.'&' Expr 
	Expr:  Expr.'|' Expr 
	Expr:  Expr.EQ Expr 
	Expr:  Expr.'%' Expr 
	Expr:  Expr.';' Expr 
	Expr:  Expr.';' 
	Expr:  Expr.AND Expr 
	Expr:  Expr.OR Expr 
	Expr:  Expr.NOTEQ Expr 
	Expr:  Expr.GT Expr 
	Expr:  Expr.GTE Expr 
	Expr:  Expr.LT Expr 
	Expr:  Expr.LTE Expr 
	Expr:  Expr.ORR Expr 
	Expr:  Expr.AS Ident 
	Expr:  Expr.ADDADD 
	Expr:  Expr.SUBSUB 
	Expr:  Expr.VARIADIC 
	Expr:  Expr.'?' Expr ':' Expr 
	Expr:  Expr.NONIL 
	Expr:  Expr.'@' 
	Expr:  Expr.IN Expr 
	Var:  Expr.ACC Ident 
	Var:  Expr.ACC ArrIndex 
	Acc:  Expr.ACC Expr 
	Primary:  Expr.'[' SliceN ':' SliceN ']' 
	ArrIndex:  Expr.'[' Expr ']' 
	Kv:  Expr ':' Expr.    (67)

	EQ  shift 26
	AND  shift 29
	OR  shift 30
	NOTEQ  shift 31
	GT  shift 32
	GTE  shift 33
	LT  shift 34
	LTE  shift 35
	ORR  shift 36
	ACC  shift 45
	IN  shift 44
	VARIADIC  shift 40
	AS  shift 37
	';'  shift 28
	'?'  shift 41
	ADDADD  shift 38
	SUBSUB  shift 39
	'+'  shift 19
	'-'  shift 20
	'*'  shift 21
	'/'  shift 22
	'%'  shift 27
	'&'  shift 24
	'|'  shift 25
	'^'  shift 23
	'@'  shift 43
	NONIL  shift 42
	'['  shift 46
	.  reduce 67 (src line 144)


state 119
	Expr:  Expr.'+' Expr 
	Expr:  Expr.'-' Expr 
	Expr:  Expr.'*' Expr 
	Expr:  Expr.'/' Expr 
	Expr:  Expr.'^' Expr 
	Expr:  Expr.'&' Expr 
	Expr:  Expr.'|' Expr 
	Expr:  Expr.EQ Expr 
	Expr:  Expr.'%' Expr 
	Expr:  Expr.';' Expr 
	Expr:  Expr.';' 
	Expr:  Expr.AND Expr 
	Expr:  Expr.OR Expr 
	Expr:  Expr.NOTEQ Expr 
	Expr:  Expr.GT Expr 
	Expr:  Expr.GTE Expr 
	Expr:  Expr.LT Expr 
	Expr:  Expr.LTE Expr 
	Expr:  Expr.ORR Expr 
	Expr:  Expr.AS Ident 
	Expr:  Expr.ADDADD 
	Expr:  Expr.SUBSUB 
	Expr:  Expr.VARIADIC 
	Expr:  Expr.'?' Expr ':' Expr 
	Expr:  Expr.NONIL 
	Expr:  Expr.'@' 
	Expr:  Expr.IN Expr 
	Var:  Expr.ACC Ident 
	Var:  Expr.ACC ArrIndex 
	Acc:  Expr.ACC Expr 
	Primary:  Expr.'[' SliceN ':' SliceN ']' 
	ArrIndex:  Expr.'[' Expr ']' 
	ArgList:  ArgList ',' Expr.    (71)

	EQ  shift 26
	AND  shift 29
	OR  shift 30
	NOTEQ  shift 31
	GT  shift 32
	GTE  shift 33
	LT  shift 34
	LTE  shift 35
	ORR  shift 36
	ACC  shift 45
	IN  shift 44
	VARIADIC  shift 40
	AS  shift 37
	';'  shift 28
	'?'  shift 41
	ADDADD  shift 38
	SUBSUB  shift 39
	'+'  shift 19
	'-'  shift 20
	'*'  shift 21
	'/'  shift 22
	'%'  shift 27
	'&'  shift 24
	'|'  shift 25
	'^'  shift 23
	'@'  shift 43
	NONIL  shift 42
	'['  shift 46
	.  reduce 71 (src line 155)


state 120
	Expr:  Expr.'+' Expr 
	Expr:  Expr.'-' Expr 
	Expr:  Expr.'*' Expr 
	Expr:  Expr.'/' Expr 
	Expr:  Expr.'^' Expr 
	Expr:  Expr.'&' Expr 
	Expr:  Expr.'|' Expr 
	Expr:  Expr.EQ Expr 
	Expr:  Expr.'%' Expr 
	Expr:  Expr.';' Expr 
	Expr:  Expr.';' 
	Expr:  Expr.AND Expr 
	Expr:  Expr.OR Expr 
	Expr:  Expr.NOTEQ Expr 
	Expr:  Expr.GT Expr 
	Expr:  Expr.GTE Expr 
	Expr:  Expr.LT Expr 
	Expr:  Expr.LTE Expr 
	Expr:  Expr.ORR Expr 
	Expr:  Expr.AS Ident 
	Expr:  Expr.ADDADD 
	Expr:  Expr.SUBSUB 
	Expr:  Expr.VARIADIC 
	Expr:  Expr.'?' Expr ':' Expr 
	Expr:  Expr '?' Expr ':' Expr.    (33)
	Expr:  Expr.NONIL 
	Expr:  Expr.'@' 
	Expr:  Expr.IN Expr 
	Var:  Expr.ACC Ident 
	Var:  Expr.ACC ArrIndex 
	Acc:  Expr.ACC Expr 
	Primary:  Expr.'[' SliceN ':' SliceN ']' 
	ArrIndex:  Expr.'[' Expr ']' 

	EQ  shift 26
	AND  shift 29
	OR  shift 30
	NOTEQ  shift 31
	GT  shift 32
	GTE  shift 33
	LT  shift 34
	LTE  shift 35
	ORR  shift 36
	ACC  shift 45
	IN  shift 44
	VARIADIC  shift 40
	ADDADD  shift 38
	SUBSUB  shift 39
	'+'  shift 19
	'-'  shift 20
	'*'  shift 21
	'/'  shift 22
	'%'  shift 27
	'&'  shift 24
	'|'  shift 25
	'^'  shift 23
	'@'  shift 43
	NONIL  shift 42
	'['  shift 46
	.  reduce 33 (src line 77)


state 121
	Primary:  Expr '[' SliceN ':' SliceN.']' 

	']'  shift 124
	.  error


state 122
	Expr:  Expr.'+' Expr 
	Expr:  Expr.'-' Expr 
	Expr:  Expr.'*' Expr 
	Expr:  Expr.'/' Expr 
	Expr:  Expr.'^' Expr 
	Expr:  Expr.'&' Expr 
	Expr:  Expr.'|' Expr 
	Expr:  Expr.EQ Expr 
	Expr:  Expr.'%' Expr 
	Expr:  Expr.';' Expr 
	Expr:  Expr.';' 
	Expr:  Expr.AND Expr 
	Expr:  Expr.OR Expr 
	Expr:  Expr.NOTEQ Expr 
	Expr:  Expr.GT Expr 
	Expr:  Expr.GTE Expr 
	Expr:  Expr.LT Expr 
	Expr:  Expr.LTE Expr 
	Expr:  Expr.ORR Expr 
	Expr:  Expr.AS Ident 
	Expr:  Expr.ADDADD 
	Expr:  Expr.SUBSUB 
	Expr:  Expr.VARIADIC 
	Expr:  Expr.'?' Expr ':' Expr 
	Expr:  Expr.NONIL 
	Expr:  Expr.'@' 
	Expr:  Expr.IN Expr 
	Var:  Expr.ACC Ident 
	Var:  Expr.ACC ArrIndex 
	Acc:  Expr.ACC Expr 
	Primary:  Expr.'[' SliceN ':' SliceN ']' 
	SliceN:  Expr.    (60)
	ArrIndex:  Expr.'[' Expr ']' 

	EQ  shift 26
	AND  shift 29
	OR  shift 30
	NOTEQ  shift 31
	GT  shift 32
	GTE  shift 33
	LT  shift 34
	LTE  shift 35
	ORR  shift 36
	ACC  shift 45
	IN  shift 44
	VARIADIC  shift 40
	AS  shift 37
	';'  shift 28
	'?'  shift 41
	ADDADD  shift 38
	SUBSUB  shift 39
	'+'  shift 19
	'-'  shift 20
	'*'  shift 21
	'/'  shift 22
	'%'  shift 27
	'&'  shift 24
	'|'  shift 25
	'^'  shift 23
	'@'  shift 43
	NONIL  shift 42
	'['  shift 46
	.  reduce 60 (src line 130)


state 123
	Expr:  Expr.'+' Expr 
	Expr:  Expr.'-' Expr 
	Expr:  Expr.'*' Expr 
	Expr:  Expr.'/' Expr 
	Expr:  Expr.'^' Expr 
	Expr:  Expr.'&' Expr 
	Expr:  Expr.'|' Expr 
	Expr:  Expr.EQ Expr 
	Expr:  Expr.'%' Expr 
	Expr:  Expr.';' Expr 
	Expr:  Expr.';' 
	Expr:  Expr.AND Expr 
	Expr:  Expr.OR Expr 
	Expr:  Expr.NOTEQ Expr 
	Expr:  Expr.GT Expr 
	Expr:  Expr.GTE Expr 
	Expr:  Expr.LT Expr 
	Expr:  Expr.LTE Expr 
	Expr:  Expr.ORR Expr 
	Expr:  Expr.AS Ident 
	Expr:  Expr.ADDADD 
	Expr:  Expr.SUBSUB 
	Expr:  Expr.VARIADIC 
	Expr:  Expr.'?' Expr ':' Expr 
	Expr:  Expr.NONIL 
	Expr:  Expr.'@' 
	Expr:  '{' Ids '}' LAMB Expr.    (36)
	Expr:  Expr.IN Expr 
	Var:  Expr.ACC Ident 
	Var:  Expr.ACC ArrIndex 
	Acc:  Expr.ACC Expr 
	Primary:  Expr.'[' SliceN ':' SliceN ']' 
	ArrIndex:  Expr.'[' Expr ']' 

	EQ  shift 26
	AND  shift 29
	OR  shift 30
	NOTEQ  shift 31
	GT  shift 32
	GTE  shift 33
	LT  shift 34
	LTE  shift 35
	ORR  shift 36
	ACC  shift 45
	IN  shift 44
	VARIADIC  shift 40
	AS  shift 37
	'?'  shift 41
	ADDADD  shift 38
	SUBSUB  shift 39
	'+'  shift 19
	'-'  shift 20
	'*'  shift 21
	'/'  shift 22
	'%'  shift 27
	'&'  shift 24
	'|'  shift 25
	'^'  shift 23
	'@'  shift 43
	NONIL  shift 42
	'['  shift 46
	.  reduce 36 (src line 80)


state 124
	Primary:  Expr '[' SliceN ':' SliceN ']'.    (58)

	.  reduce 58 (src line 121)


53 terminals, 15 nonterminals
73 grammar rules, 125/16000 states
0 shift/reduce, 0 reduce/reduce conflicts reported
114 working sets used
memory: parser 314/240000
107 extra closures
1225 shift entries, 7 exceptions
63 goto entries
209 entries saved by goto default
Optimizer space used: output 598/240000
598 table entries, 172 zero
maximum spread: 53, maximum offset: 115
